#
# A fatal error has been detected by the Java Runtime Environment:
#
#  SIGBUS (0xa) at pc=0x0000000105a46a70, pid=78971, tid=259
#
# JRE version: OpenJDK Runtime Environment (15.0.2+7) (build 15.0.2+7)
# Java VM: OpenJDK 64-Bit Server VM (15.0.2+7, mixed mode, sharing, tiered, compressed oops, g1 gc, bsd-amd64)
# Problematic frame:
# C  0x0000000105a46a70
#
# No core dump will be written. Core dumps have been disabled. To enable core dumping, try "ulimit -c unlimited" before starting Java again
#
# If you would like to submit a bug report, please visit:
#   https://bugreport.java.com/bugreport/crash.jsp
# The crash happened outside the Java Virtual Machine in native code.
# See problematic frame for where to report the bug.
#

---------------  S U M M A R Y ------------

Command Line: 

Host: MacBookPro13,3 x86_64 2700 MHz, 8 cores, 16G, Darwin 20.6.0
Time: Sun Sep 18 17:24:13 2022 CDT elapsed time: 0.250793 seconds (0d 0h 0m 0s)

---------------  T H R E A D  ---------------

Current thread (0x00007fda93929800):  JavaThread "main" [_thread_in_native, id=259, stack(0x00007ffeec8f0000,0x00007ffeed8f0000)]

Stack: [0x00007ffeec8f0000,0x00007ffeed8f0000],  sp=0x00007ffeed8e7148,  free space=16348k
Native frames: (J=compiled Java code, A=aot compiled Java code, j=interpreted, Vv=VM code, C=native code)
C  0x0000000105a46a70
C  [Python+0x4c5da]  PyObject_Str+0x92
C  [Python+0x7f090]  unicode_new+0x148
C  [Python+0x5bb49]  type_call+0x2c
C  [Python+0x1b3fd]  _PyObject_MakeTpCall+0x112
C  [Python+0xbc3d3]  call_function+0x324
C  [Python+0xb8ea0]  _PyEval_EvalFrameDefault+0x7562
C  [Python+0xbcd23]  _PyEval_EvalCodeWithName+0x79b
C  [Python+0x1bda7]  _PyFunction_Vectorcall+0xe3
C  [Python+0xbc209]  call_function+0x15a
C  [Python+0xb8f6b]  _PyEval_EvalFrameDefault+0x762d
C  [Python+0xbcd23]  _PyEval_EvalCodeWithName+0x79b
C  [Python+0xb189b]  PyEval_EvalCode+0x33
C  [Python+0xaf143]  builtin_exec+0x245
C  [Python+0x49f05]  cfunction_vectorcall_FASTCALL+0xa9
C  [Python+0x1b689]  PyVectorcall_Call+0x6c
C  [Python+0xb9368]  _PyEval_EvalFrameDefault+0x7a2a
C  [Python+0xbcd23]  _PyEval_EvalCodeWithName+0x79b
C  [Python+0x1bda7]  _PyFunction_Vectorcall+0xe3
C  [Python+0xbc209]  call_function+0x15a
C  [Python+0xb8de3]  _PyEval_EvalFrameDefault+0x74a5
C  [Python+0x1bc42]  function_code_fastcall+0x6a
C  [Python+0xbc209]  call_function+0x15a
C  [Python+0xb8dc7]  _PyEval_EvalFrameDefault+0x7489
C  [Python+0x1bc42]  function_code_fastcall+0x6a
C  [Python+0xbc209]  call_function+0x15a
C  [Python+0xb8ea0]  _PyEval_EvalFrameDefault+0x7562
C  [Python+0x1bc42]  function_code_fastcall+0x6a
C  [Python+0xbc209]  call_function+0x15a
C  [Python+0xb8ea0]  _PyEval_EvalFrameDefault+0x7562
C  [Python+0x1bc42]  function_code_fastcall+0x6a
C  [Python+0x1d0da]  object_vacall+0x160
C  [Python+0x1d21d]  _PyObject_CallMethodIdObjArgs+0xdb
C  [Python+0xd5ceb]  PyImport_ImportModuleLevelObject+0x629
C  [Python+0xb725a]  _PyEval_EvalFrameDefault+0x591c
C  [Python+0xbcd23]  _PyEval_EvalCodeWithName+0x79b
C  [Python+0xb189b]  PyEval_EvalCode+0x33
C  [Python+0xaf143]  builtin_exec+0x245
C  [Python+0x49f05]  cfunction_vectorcall_FASTCALL+0xa9
C  [Python+0x1b689]  PyVectorcall_Call+0x6c
C  [Python+0xb9368]  _PyEval_EvalFrameDefault+0x7a2a
C  [Python+0xbcd23]  _PyEval_EvalCodeWithName+0x79b
C  [Python+0x1bda7]  _PyFunction_Vectorcall+0xe3
C  [Python+0xbc209]  call_function+0x15a
C  [Python+0xb8de3]  _PyEval_EvalFrameDefault+0x74a5
C  [Python+0x1bc42]  function_code_fastcall+0x6a
C  [Python+0xbc209]  call_function+0x15a
C  [Python+0xb8dc7]  _PyEval_EvalFrameDefault+0x7489
C  [Python+0x1bc42]  function_code_fastcall+0x6a
C  [Python+0xbc209]  call_function+0x15a
C  [Python+0xb8ea0]  _PyEval_EvalFrameDefault+0x7562
C  [Python+0x1bc42]  function_code_fastcall+0x6a
C  [Python+0xbc209]  call_function+0x15a
C  [Python+0xb8ea0]  _PyEval_EvalFrameDefault+0x7562
C  [Python+0x1bc42]  function_code_fastcall+0x6a
C  [Python+0x1d0da]  object_vacall+0x160
C  [Python+0x1d21d]  _PyObject_CallMethodIdObjArgs+0xdb
C  [Python+0xd5ceb]  PyImport_ImportModuleLevelObject+0x629
C  [Python+0xb725a]  _PyEval_EvalFrameDefault+0x591c
C  [Python+0xbcd23]  _PyEval_EvalCodeWithName+0x79b
C  [Python+0xb189b]  PyEval_EvalCode+0x33
C  [Python+0xaf143]  builtin_exec+0x245
C  [Python+0x49f05]  cfunction_vectorcall_FASTCALL+0xa9
C  [Python+0x1b689]  PyVectorcall_Call+0x6c
C  [Python+0xb9368]  _PyEval_EvalFrameDefault+0x7a2a
C  [Python+0xbcd23]  _PyEval_EvalCodeWithName+0x79b
C  [Python+0x1bda7]  _PyFunction_Vectorcall+0xe3
C  [Python+0xbc209]  call_function+0x15a
C  [Python+0xb8de3]  _PyEval_EvalFrameDefault+0x74a5
C  [Python+0x1bc42]  function_code_fastcall+0x6a
C  [Python+0xbc209]  call_function+0x15a
C  [Python+0xb8dc7]  _PyEval_EvalFrameDefault+0x7489
C  [Python+0x1bc42]  function_code_fastcall+0x6a
C  [Python+0xbc209]  call_function+0x15a
C  [Python+0xb8ea0]  _PyEval_EvalFrameDefault+0x7562
C  [Python+0x1bc42]  function_code_fastcall+0x6a
C  [Python+0xbc209]  call_function+0x15a
C  [Python+0xb8ea0]  _PyEval_EvalFrameDefault+0x7562
C  [Python+0x1bc42]  function_code_fastcall+0x6a
C  [Python+0x1d0da]  object_vacall+0x160
C  [Python+0x1d21d]  _PyObject_CallMethodIdObjArgs+0xdb
C  [Python+0xd5ceb]  PyImport_ImportModuleLevelObject+0x629
C  [Python+0xb725a]  _PyEval_EvalFrameDefault+0x591c
C  [Python+0xbcd23]  _PyEval_EvalCodeWithName+0x79b
C  [Python+0xb189b]  PyEval_EvalCode+0x33
C  [Python+0xaf143]  builtin_exec+0x245
C  [Python+0x49f05]  cfunction_vectorcall_FASTCALL+0xa9
C  [Python+0x1b689]  PyVectorcall_Call+0x6c
C  [Python+0xb9368]  _PyEval_EvalFrameDefault+0x7a2a
C  [Python+0xbcd23]  _PyEval_EvalCodeWithName+0x79b
C  [Python+0x1bda7]  _PyFunction_Vectorcall+0xe3
C  [Python+0xbc209]  call_function+0x15a
C  [Python+0xb8de3]  _PyEval_EvalFrameDefault+0x74a5
C  [Python+0x1bc42]  function_code_fastcall+0x6a
C  [Python+0xbc209]  call_function+0x15a
C  [Python+0xb8dc7]  _PyEval_EvalFrameDefault+0x7489
C  [Python+0x1bc42]  function_code_fastcall+0x6a
C  [Python+0xbc209]  call_function+0x15a
C  [Python+0xb8ea0]  _PyEval_EvalFrameDefault+0x7562
C  [Python+0x1bc42]  function_code_fastcall+0x6a
...<more frames>...


siginfo: si_signo: 10 (SIGBUS), si_code: 2 (BUS_ADRERR), si_addr: 0x0000000105a46a70

Register to memory mapping:

RAX=0x00007fda914096b0 points into unknown readable memory: 0x00007fda916946b0 | b0 46 69 91 da 7f 00 00
RBX=0x0000000105ed2150 points into unknown readable memory: 0x00000001059fc2d0 | d0 c2 9f 05 01 00 00 00
RCX=0x0000000105a46a70 points into unknown readable memory: 0x0000000000000006 | 06 00 00 00 00 00 00 00
RDX=0x0000000000000037 is an unknown value
RSP=0x00007ffeed8e7148 is pointing into the stack for thread: 0x00007fda93929800
RBP=0x00007ffeed8e7170 is pointing into the stack for thread: 0x00007fda93929800
RSI=0x0 is NULL
RDI=0x0000000105ed2150 points into unknown readable memory: 0x00000001059fc2d0 | d0 c2 9f 05 01 00 00 00
R8 =0x00007ffeed8e7180 is pointing into the stack for thread: 0x00007fda93929800
R9 =0x00007ffeed8e6e90 is pointing into the stack for thread: 0x00007fda93929800
R10=0x0000000000000001 is an unknown value
R11=0x0000000000000001 is an unknown value
R12=0x0 is NULL
R13=0x0 is NULL
R14=0x0000000102556ec8: _PyRuntime+0 in /usr/local/Cellar/python@3.8/3.8.10/Frameworks/Python.framework/Versions/3.8/Python at 0x0000000102322000
R15=0x000000010251ee20: _Py_CheckRecursionLimit+0 in /usr/local/Cellar/python@3.8/3.8.10/Frameworks/Python.framework/Versions/3.8/Python at 0x0000000102322000


Registers:
RAX=0x00007fda914096b0, RBX=0x0000000105ed2150, RCX=0x0000000105a46a70, RDX=0x0000000000000037
RSP=0x00007ffeed8e7148, RBP=0x00007ffeed8e7170, RSI=0x0000000000000000, RDI=0x0000000105ed2150
R8 =0x00007ffeed8e7180, R9 =0x00007ffeed8e6e90, R10=0x0000000000000001, R11=0x0000000000000001
R12=0x0000000000000000, R13=0x0000000000000000, R14=0x0000000102556ec8, R15=0x000000010251ee20
RIP=0x0000000105a46a70, EFLAGS=0x0000000000010293, ERR=0x0000000000000015
  TRAPNO=0x000000000000000e

Top of Stack: (sp=0x00007ffeed8e7148)
0x00007ffeed8e7148:   000000010236e5da 0000000000000001
0x00007ffeed8e7158:   0000000105ed2160 0000000102556ec8
0x00007ffeed8e7168:   000000010251ee20 00007ffeed8e71a0
0x00007ffeed8e7178:   000000010236e5da 0000000000000000
0x00007ffeed8e7188:   0000000000000000 0000000000000000
0x00007ffeed8e7198:   00000001059fc2e0 00007ffeed8e7210
0x00007ffeed8e71a8:   00000001023a1090 00007ffeed8e71e0
0x00007ffeed8e71b8:   0000000105ed2150 0000000000000000
0x00007ffeed8e71c8:   00007ffeed8e7340 0000000105ed2160
0x00007ffeed8e71d8:   0000000000000000 0000000000000000
0x00007ffeed8e71e8:   000000010251b2b0 0000000000000000
0x00007ffeed8e71f8:   0000000000000000 0000000000000000
0x00007ffeed8e7208:   00000001059fc2e0 00007ffeed8e7250
0x00007ffeed8e7218:   000000010237db49 000000010251ee20
0x00007ffeed8e7228:   0000000102556ec8 0000000000000000
0x00007ffeed8e7238:   0000000000000000 000000010251b2b0
0x00007ffeed8e7248:   000000010237db1d 00007ffeed8e7290
0x00007ffeed8e7258:   000000010233d3fd 00000001059fc2e0
0x00007ffeed8e7268:   00007ffeed8e72f8 0000000000000001
0x00007ffeed8e7278:   00007fda916f22c0 000000010251b2b0
0x00007ffeed8e7288:   00007fda916f22c8 00007ffeed8e72e0
0x00007ffeed8e7298:   00000001023de3d3 00007ffeed8e72e0
0x00007ffeed8e72a8:   000000010236073e 00000000800c5400
0x00007ffeed8e72b8:   00007fda914096b0 0000000105a3b1cc
0x00007ffeed8e72c8:   0000000000000083 0000000000000001
0x00007ffeed8e72d8:   00007ffeed8e72f8 00007ffeed8e7460
0x00007ffeed8e72e8:   00000001023daea0 00000001025ba080
0x00007ffeed8e72f8:   00007fda916f22d0 0000000000000023
0x00007ffeed8e7308:   0000000000000230 0000000105a0c590
0x00007ffeed8e7318:   000000000000000c 0000000105a1b440
0x00007ffeed8e7328:   00000001025b6000 00007fda916f22b0
0x00007ffeed8e7338:   0000000105ed2160 000000010652b500 

Instructions: (pc=0x0000000105a46a70)
0x0000000105a46970:   00 00 00 00 00 00 00 00 00 00 00 00 00 00 00 00
0x0000000105a46980:   01 00 00 00 00 00 00 00 40 83 51 02 01 00 00 00
0x0000000105a46990:   02 00 00 00 00 00 00 00 e0 fe a2 05 01 00 00 00
0x0000000105a469a0:   40 fe a2 05 01 00 00 00 69 7a 65 72 00 00 00 00
0x0000000105a469b0:   b0 c6 a4 05 01 00 00 00 30 59 a4 05 01 00 00 00
0x0000000105a469c0:   01 00 00 00 00 00 00 00 00 26 51 02 01 00 00 00
0x0000000105a469d0:   1b 00 00 00 00 00 00 00 91 a7 08 00 00 00 00 00
0x0000000105a469e0:   00 c4 81 95 da 7f 00 00 00 00 00 00 00 00 00 00
0x0000000105a469f0:   08 00 00 00 00 00 00 00 b0 b2 51 02 01 00 00 00
0x0000000105a46a00:   0b 00 00 00 00 00 00 00 dd 57 44 87 40 1b db f7
0x0000000105a46a10:   e5 ff ff ff 52 01 00 00 00 00 00 00 00 00 00 00
0x0000000105a46a20:   4a 43 6f 6e 76 65 72 73 69 6f 6e 00 00 00 00 00
0x0000000105a46a30:   02 00 00 00 00 00 00 00 b0 b2 51 02 01 00 00 00
0x0000000105a46a40:   0a 00 00 00 00 00 00 00 4a ad 33 a1 80 2a 3c 1e
0x0000000105a46a50:   e5 16 6d 02 01 00 00 00 00 00 00 00 00 00 00 00
0x0000000105a46a60:   69 6e 73 74 61 6e 63 65 6f 66 00 02 01 00 00 00
0x0000000105a46a70:   06 00 00 00 00 00 00 00 b0 b2 51 02 01 00 00 00
0x0000000105a46a80:   0a 00 00 00 00 00 00 00 8d c8 49 1e cf 3b 98 54
0x0000000105a46a90:   e5 00 00 00 00 00 00 00 00 00 00 00 00 00 00 00
0x0000000105a46aa0:   63 75 73 74 6f 6d 69 7a 65 72 00 00 00 00 00 00
0x0000000105a46ab0:   00 00 00 00 00 00 00 00 00 00 00 00 00 00 00 00
0x0000000105a46ac0:   01 00 00 00 00 00 00 00 40 83 51 02 01 00 00 00
0x0000000105a46ad0:   02 00 00 00 00 00 00 00 70 65 62 02 01 00 00 00
0x0000000105a46ae0:   b0 38 ea 02 01 00 00 00 00 69 6e 74 73 00 00 00
0x0000000105a46af0:   00 00 00 00 00 00 00 00 00 00 00 00 00 00 00 00
0x0000000105a46b00:   02 00 00 00 00 00 00 00 40 83 51 02 01 00 00 00
0x0000000105a46b10:   02 00 00 00 00 00 00 00 70 c1 62 02 01 00 00 00
0x0000000105a46b20:   30 6b a4 05 01 00 00 00 00 00 00 00 00 00 00 00
0x0000000105a46b30:   02 00 00 00 00 00 00 00 b0 b2 51 02 01 00 00 00
0x0000000105a46b40:   07 00 00 00 00 00 00 00 58 bf 67 b2 c4 14 81 2a
0x0000000105a46b50:   e5 00 00 00 00 00 00 00 00 00 00 00 00 00 00 00
0x0000000105a46b60:   63 6c 73 6e 61 6d 65 00 00 00 00 00 00 00 00 00 


Stack slot to memory mapping:
stack at sp + 0 slots: 0x000000010236e5da: PyObject_Str+0x92 in /usr/local/Cellar/python@3.8/3.8.10/Frameworks/Python.framework/Versions/3.8/Python at 0x0000000102322000
stack at sp + 1 slots: 0x0000000000000001 is an unknown value
stack at sp + 2 slots: 0x0000000105ed2160 points into unknown readable memory: 0x0000000000000004 | 04 00 00 00 00 00 00 00
stack at sp + 3 slots: 0x0000000102556ec8: _PyRuntime+0 in /usr/local/Cellar/python@3.8/3.8.10/Frameworks/Python.framework/Versions/3.8/Python at 0x0000000102322000
stack at sp + 4 slots: 0x000000010251ee20: _Py_CheckRecursionLimit+0 in /usr/local/Cellar/python@3.8/3.8.10/Frameworks/Python.framework/Versions/3.8/Python at 0x0000000102322000
stack at sp + 5 slots: 0x00007ffeed8e71a0 is pointing into the stack for thread: 0x00007fda93929800
stack at sp + 6 slots: 0x000000010236e5da: PyObject_Str+0x92 in /usr/local/Cellar/python@3.8/3.8.10/Frameworks/Python.framework/Versions/3.8/Python at 0x0000000102322000
stack at sp + 7 slots: 0x0 is NULL


---------------  P R O C E S S  ---------------

Threads class SMR info:
_java_thread_list=0x00007fda96288040, length=12, elements={
0x00007fda93929800, 0x00007fda92137600, 0x00007fda91808200, 0x00007fda91aeb000,
0x00007fda93130800, 0x00007fda93130e00, 0x00007fda91acb200, 0x00007fda94819c00,
0x00007fda95024c00, 0x00007fda92137c00, 0x00007fda9391ee00, 0x00007fda9502c400
}

Java Threads: ( => current thread )
=>0x00007fda93929800 JavaThread "main" [_thread_in_native, id=259, stack(0x00007ffeec8f0000,0x00007ffeed8f0000)]
  0x00007fda92137600 JavaThread "Reference Handler" daemon [_thread_blocked, id=16387, stack(0x0000700014761000,0x0000700014861000)]
  0x00007fda91808200 JavaThread "Finalizer" daemon [_thread_blocked, id=13315, stack(0x0000700014864000,0x0000700014964000)]
  0x00007fda91aeb000 JavaThread "Signal Dispatcher" daemon [_thread_blocked, id=42755, stack(0x0000700014a6d000,0x0000700014b6d000)]
  0x00007fda93130800 JavaThread "Service Thread" daemon [_thread_blocked, id=42499, stack(0x0000700014b70000,0x0000700014c70000)]
  0x00007fda93130e00 JavaThread "C2 CompilerThread0" daemon [_thread_blocked, id=23555, stack(0x0000700014c73000,0x0000700014d73000)]
  0x00007fda91acb200 JavaThread "C1 CompilerThread0" daemon [_thread_blocked, id=24067, stack(0x0000700014d76000,0x0000700014e76000)]
  0x00007fda94819c00 JavaThread "Sweeper thread" daemon [_thread_blocked, id=24579, stack(0x0000700014e79000,0x0000700014f79000)]
  0x00007fda95024c00 JavaThread "Notification Thread" daemon [_thread_blocked, id=40195, stack(0x0000700014f7c000,0x000070001507c000)]
  0x00007fda92137c00 JavaThread "Common-Cleaner" daemon [_thread_blocked, id=25603, stack(0x0000700015182000,0x0000700015282000)]
  0x00007fda9391ee00 JavaThread "C2 CompilerThread1" daemon [_thread_blocked, id=38403, stack(0x0000700015285000,0x0000700015385000)]
  0x00007fda9502c400 JavaThread "SIGTERM handler" daemon [_thread_blocked, id=27139, stack(0x000070001548b000,0x000070001558b000)]

Other Threads:
  0x00007fda916f8d30 VMThread "VM Thread" [stack: 0x000070001465e000,0x000070001475e000] [id=17155]
  0x00007fda92b1eb60 WatcherThread [stack: 0x000070001507f000,0x000070001517f000] [id=25091]
  0x00007fda917b8be0 GCTaskThread "GC Thread#0" [stack: 0x000070001414f000,0x000070001424f000] [id=11267]
  0x00007fda917b9db0 ConcurrentGCThread "G1 Main Marker" [stack: 0x0000700014252000,0x0000700014352000] [id=11523]
  0x00007fda917bae80 ConcurrentGCThread "G1 Conc#0" [stack: 0x0000700014355000,0x0000700014455000] [id=18435]
  0x00007fda96263040 ConcurrentGCThread "G1 Refine#0" [stack: 0x0000700014458000,0x0000700014558000] [id=17923]
  0x00007fda92c27d50 ConcurrentGCThread "G1 Young RemSet Sampling" [stack: 0x000070001455b000,0x000070001465b000] [id=17667]

Threads with active compile tasks:

VM state: not at safepoint (normal execution)

VM Mutex/Monitor currently owned by a thread: None

Heap address: 0x0000000700000000, size: 4096 MB, Compressed Oops mode: Zero based, Oop shift amount: 3
CDS archive(s) mapped at: [0x0000000800000000-0x0000000800b2f000-0x0000000800b2f000), size 11726848, SharedBaseAddress: 0x0000000800000000, ArchiveRelocationMode: 0.
Compressed class space mapped at: 0x0000000800b30000-0x0000000840b30000, size: 1073741824
Narrow klass base: 0x0000000800000000, Narrow klass shift: 3, Narrow klass range: 0x100000000

GC Precious Log:
 CPUs: 8 total, 8 available
 Memory: 16384M
 Large Page Support: Disabled
 NUMA Support: Disabled
 Compressed Oops: Enabled (Zero based)
 Heap Region Size: 2M
 Heap Min Capacity: 8M
 Heap Initial Capacity: 256M
 Heap Max Capacity: 4G
 Pre-touch: Disabled
 Parallel Workers: 8
 Concurrent Workers: 2
 Concurrent Refinement Workers: 8
 Periodic GC: Disabled

Heap:
 garbage-first heap   total 266240K, used 12072K [0x0000000700000000, 0x0000000800000000)
  region size 2048K, 7 young (14336K), 0 survivors (0K)
 Metaspace       used 1340K, capacity 4672K, committed 4864K, reserved 1056768K
  class space    used 121K, capacity 427K, committed 512K, reserved 1048576K

Heap Regions: E=young(eden), S=young(survivor), O=old, HS=humongous(starts), HC=humongous(continues), CS=collection set, F=free, OA=open archive, CA=closed archive, TAMS=top-at-mark-start (previous, next)
|   0|0x0000000700000000, 0x0000000700000000, 0x0000000700200000|  0%| F|  |TAMS 0x0000000700000000, 0x0000000700000000| Untracked 
|   1|0x0000000700200000, 0x0000000700200000, 0x0000000700400000|  0%| F|  |TAMS 0x0000000700200000, 0x0000000700200000| Untracked 
|   2|0x0000000700400000, 0x0000000700400000, 0x0000000700600000|  0%| F|  |TAMS 0x0000000700400000, 0x0000000700400000| Untracked 
|   3|0x0000000700600000, 0x0000000700600000, 0x0000000700800000|  0%| F|  |TAMS 0x0000000700600000, 0x0000000700600000| Untracked 
|   4|0x0000000700800000, 0x0000000700800000, 0x0000000700a00000|  0%| F|  |TAMS 0x0000000700800000, 0x0000000700800000| Untracked 
|   5|0x0000000700a00000, 0x0000000700a00000, 0x0000000700c00000|  0%| F|  |TAMS 0x0000000700a00000, 0x0000000700a00000| Untracked 
|   6|0x0000000700c00000, 0x0000000700c00000, 0x0000000700e00000|  0%| F|  |TAMS 0x0000000700c00000, 0x0000000700c00000| Untracked 
|   7|0x0000000700e00000, 0x0000000700e00000, 0x0000000701000000|  0%| F|  |TAMS 0x0000000700e00000, 0x0000000700e00000| Untracked 
|   8|0x0000000701000000, 0x0000000701000000, 0x0000000701200000|  0%| F|  |TAMS 0x0000000701000000, 0x0000000701000000| Untracked 
|   9|0x0000000701200000, 0x0000000701200000, 0x0000000701400000|  0%| F|  |TAMS 0x0000000701200000, 0x0000000701200000| Untracked 
|  10|0x0000000701400000, 0x0000000701400000, 0x0000000701600000|  0%| F|  |TAMS 0x0000000701400000, 0x0000000701400000| Untracked 
|  11|0x0000000701600000, 0x0000000701600000, 0x0000000701800000|  0%| F|  |TAMS 0x0000000701600000, 0x0000000701600000| Untracked 
|  12|0x0000000701800000, 0x0000000701800000, 0x0000000701a00000|  0%| F|  |TAMS 0x0000000701800000, 0x0000000701800000| Untracked 
|  13|0x0000000701a00000, 0x0000000701a00000, 0x0000000701c00000|  0%| F|  |TAMS 0x0000000701a00000, 0x0000000701a00000| Untracked 
|  14|0x0000000701c00000, 0x0000000701c00000, 0x0000000701e00000|  0%| F|  |TAMS 0x0000000701c00000, 0x0000000701c00000| Untracked 
|  15|0x0000000701e00000, 0x0000000701e00000, 0x0000000702000000|  0%| F|  |TAMS 0x0000000701e00000, 0x0000000701e00000| Untracked 
|  16|0x0000000702000000, 0x0000000702000000, 0x0000000702200000|  0%| F|  |TAMS 0x0000000702000000, 0x0000000702000000| Untracked 
|  17|0x0000000702200000, 0x0000000702200000, 0x0000000702400000|  0%| F|  |TAMS 0x0000000702200000, 0x0000000702200000| Untracked 
|  18|0x0000000702400000, 0x0000000702400000, 0x0000000702600000|  0%| F|  |TAMS 0x0000000702400000, 0x0000000702400000| Untracked 
|  19|0x0000000702600000, 0x0000000702600000, 0x0000000702800000|  0%| F|  |TAMS 0x0000000702600000, 0x0000000702600000| Untracked 
|  20|0x0000000702800000, 0x0000000702800000, 0x0000000702a00000|  0%| F|  |TAMS 0x0000000702800000, 0x0000000702800000| Untracked 
|  21|0x0000000702a00000, 0x0000000702a00000, 0x0000000702c00000|  0%| F|  |TAMS 0x0000000702a00000, 0x0000000702a00000| Untracked 
|  22|0x0000000702c00000, 0x0000000702c00000, 0x0000000702e00000|  0%| F|  |TAMS 0x0000000702c00000, 0x0000000702c00000| Untracked 
|  23|0x0000000702e00000, 0x0000000702e00000, 0x0000000703000000|  0%| F|  |TAMS 0x0000000702e00000, 0x0000000702e00000| Untracked 
|  24|0x0000000703000000, 0x0000000703000000, 0x0000000703200000|  0%| F|  |TAMS 0x0000000703000000, 0x0000000703000000| Untracked 
|  25|0x0000000703200000, 0x0000000703200000, 0x0000000703400000|  0%| F|  |TAMS 0x0000000703200000, 0x0000000703200000| Untracked 
|  26|0x0000000703400000, 0x0000000703400000, 0x0000000703600000|  0%| F|  |TAMS 0x0000000703400000, 0x0000000703400000| Untracked 
|  27|0x0000000703600000, 0x0000000703600000, 0x0000000703800000|  0%| F|  |TAMS 0x0000000703600000, 0x0000000703600000| Untracked 
|  28|0x0000000703800000, 0x0000000703800000, 0x0000000703a00000|  0%| F|  |TAMS 0x0000000703800000, 0x0000000703800000| Untracked 
|  29|0x0000000703a00000, 0x0000000703a00000, 0x0000000703c00000|  0%| F|  |TAMS 0x0000000703a00000, 0x0000000703a00000| Untracked 
|  30|0x0000000703c00000, 0x0000000703c00000, 0x0000000703e00000|  0%| F|  |TAMS 0x0000000703c00000, 0x0000000703c00000| Untracked 
|  31|0x0000000703e00000, 0x0000000703e00000, 0x0000000704000000|  0%| F|  |TAMS 0x0000000703e00000, 0x0000000703e00000| Untracked 
|  32|0x0000000704000000, 0x0000000704000000, 0x0000000704200000|  0%| F|  |TAMS 0x0000000704000000, 0x0000000704000000| Untracked 
|  33|0x0000000704200000, 0x0000000704200000, 0x0000000704400000|  0%| F|  |TAMS 0x0000000704200000, 0x0000000704200000| Untracked 
|  34|0x0000000704400000, 0x0000000704400000, 0x0000000704600000|  0%| F|  |TAMS 0x0000000704400000, 0x0000000704400000| Untracked 
|  35|0x0000000704600000, 0x0000000704600000, 0x0000000704800000|  0%| F|  |TAMS 0x0000000704600000, 0x0000000704600000| Untracked 
|  36|0x0000000704800000, 0x0000000704800000, 0x0000000704a00000|  0%| F|  |TAMS 0x0000000704800000, 0x0000000704800000| Untracked 
|  37|0x0000000704a00000, 0x0000000704a00000, 0x0000000704c00000|  0%| F|  |TAMS 0x0000000704a00000, 0x0000000704a00000| Untracked 
|  38|0x0000000704c00000, 0x0000000704c00000, 0x0000000704e00000|  0%| F|  |TAMS 0x0000000704c00000, 0x0000000704c00000| Untracked 
|  39|0x0000000704e00000, 0x0000000704e00000, 0x0000000705000000|  0%| F|  |TAMS 0x0000000704e00000, 0x0000000704e00000| Untracked 
|  40|0x0000000705000000, 0x0000000705000000, 0x0000000705200000|  0%| F|  |TAMS 0x0000000705000000, 0x0000000705000000| Untracked 
|  41|0x0000000705200000, 0x0000000705200000, 0x0000000705400000|  0%| F|  |TAMS 0x0000000705200000, 0x0000000705200000| Untracked 
|  42|0x0000000705400000, 0x0000000705400000, 0x0000000705600000|  0%| F|  |TAMS 0x0000000705400000, 0x0000000705400000| Untracked 
|  43|0x0000000705600000, 0x0000000705600000, 0x0000000705800000|  0%| F|  |TAMS 0x0000000705600000, 0x0000000705600000| Untracked 
|  44|0x0000000705800000, 0x0000000705800000, 0x0000000705a00000|  0%| F|  |TAMS 0x0000000705800000, 0x0000000705800000| Untracked 
|  45|0x0000000705a00000, 0x0000000705a00000, 0x0000000705c00000|  0%| F|  |TAMS 0x0000000705a00000, 0x0000000705a00000| Untracked 
|  46|0x0000000705c00000, 0x0000000705c00000, 0x0000000705e00000|  0%| F|  |TAMS 0x0000000705c00000, 0x0000000705c00000| Untracked 
|  47|0x0000000705e00000, 0x0000000705e00000, 0x0000000706000000|  0%| F|  |TAMS 0x0000000705e00000, 0x0000000705e00000| Untracked 
|  48|0x0000000706000000, 0x0000000706000000, 0x0000000706200000|  0%| F|  |TAMS 0x0000000706000000, 0x0000000706000000| Untracked 
|  49|0x0000000706200000, 0x0000000706200000, 0x0000000706400000|  0%| F|  |TAMS 0x0000000706200000, 0x0000000706200000| Untracked 
|  50|0x0000000706400000, 0x0000000706400000, 0x0000000706600000|  0%| F|  |TAMS 0x0000000706400000, 0x0000000706400000| Untracked 
|  51|0x0000000706600000, 0x0000000706600000, 0x0000000706800000|  0%| F|  |TAMS 0x0000000706600000, 0x0000000706600000| Untracked 
|  52|0x0000000706800000, 0x0000000706800000, 0x0000000706a00000|  0%| F|  |TAMS 0x0000000706800000, 0x0000000706800000| Untracked 
|  53|0x0000000706a00000, 0x0000000706a00000, 0x0000000706c00000|  0%| F|  |TAMS 0x0000000706a00000, 0x0000000706a00000| Untracked 
|  54|0x0000000706c00000, 0x0000000706c00000, 0x0000000706e00000|  0%| F|  |TAMS 0x0000000706c00000, 0x0000000706c00000| Untracked 
|  55|0x0000000706e00000, 0x0000000706e00000, 0x0000000707000000|  0%| F|  |TAMS 0x0000000706e00000, 0x0000000706e00000| Untracked 
|  56|0x0000000707000000, 0x0000000707000000, 0x0000000707200000|  0%| F|  |TAMS 0x0000000707000000, 0x0000000707000000| Untracked 
|  57|0x0000000707200000, 0x0000000707200000, 0x0000000707400000|  0%| F|  |TAMS 0x0000000707200000, 0x0000000707200000| Untracked 
|  58|0x0000000707400000, 0x0000000707400000, 0x0000000707600000|  0%| F|  |TAMS 0x0000000707400000, 0x0000000707400000| Untracked 
|  59|0x0000000707600000, 0x0000000707600000, 0x0000000707800000|  0%| F|  |TAMS 0x0000000707600000, 0x0000000707600000| Untracked 
|  60|0x0000000707800000, 0x0000000707800000, 0x0000000707a00000|  0%| F|  |TAMS 0x0000000707800000, 0x0000000707800000| Untracked 
|  61|0x0000000707a00000, 0x0000000707a00000, 0x0000000707c00000|  0%| F|  |TAMS 0x0000000707a00000, 0x0000000707a00000| Untracked 
|  62|0x0000000707c00000, 0x0000000707c00000, 0x0000000707e00000|  0%| F|  |TAMS 0x0000000707c00000, 0x0000000707c00000| Untracked 
|  63|0x0000000707e00000, 0x0000000707e00000, 0x0000000708000000|  0%| F|  |TAMS 0x0000000707e00000, 0x0000000707e00000| Untracked 
|  64|0x0000000708000000, 0x0000000708000000, 0x0000000708200000|  0%| F|  |TAMS 0x0000000708000000, 0x0000000708000000| Untracked 
|  65|0x0000000708200000, 0x0000000708200000, 0x0000000708400000|  0%| F|  |TAMS 0x0000000708200000, 0x0000000708200000| Untracked 
|  66|0x0000000708400000, 0x0000000708400000, 0x0000000708600000|  0%| F|  |TAMS 0x0000000708400000, 0x0000000708400000| Untracked 
|  67|0x0000000708600000, 0x0000000708600000, 0x0000000708800000|  0%| F|  |TAMS 0x0000000708600000, 0x0000000708600000| Untracked 
|  68|0x0000000708800000, 0x0000000708800000, 0x0000000708a00000|  0%| F|  |TAMS 0x0000000708800000, 0x0000000708800000| Untracked 
|  69|0x0000000708a00000, 0x0000000708a00000, 0x0000000708c00000|  0%| F|  |TAMS 0x0000000708a00000, 0x0000000708a00000| Untracked 
|  70|0x0000000708c00000, 0x0000000708c00000, 0x0000000708e00000|  0%| F|  |TAMS 0x0000000708c00000, 0x0000000708c00000| Untracked 
|  71|0x0000000708e00000, 0x0000000708e00000, 0x0000000709000000|  0%| F|  |TAMS 0x0000000708e00000, 0x0000000708e00000| Untracked 
|  72|0x0000000709000000, 0x0000000709000000, 0x0000000709200000|  0%| F|  |TAMS 0x0000000709000000, 0x0000000709000000| Untracked 
|  73|0x0000000709200000, 0x0000000709200000, 0x0000000709400000|  0%| F|  |TAMS 0x0000000709200000, 0x0000000709200000| Untracked 
|  74|0x0000000709400000, 0x0000000709400000, 0x0000000709600000|  0%| F|  |TAMS 0x0000000709400000, 0x0000000709400000| Untracked 
|  75|0x0000000709600000, 0x0000000709600000, 0x0000000709800000|  0%| F|  |TAMS 0x0000000709600000, 0x0000000709600000| Untracked 
|  76|0x0000000709800000, 0x0000000709800000, 0x0000000709a00000|  0%| F|  |TAMS 0x0000000709800000, 0x0000000709800000| Untracked 
|  77|0x0000000709a00000, 0x0000000709a00000, 0x0000000709c00000|  0%| F|  |TAMS 0x0000000709a00000, 0x0000000709a00000| Untracked 
|  78|0x0000000709c00000, 0x0000000709c00000, 0x0000000709e00000|  0%| F|  |TAMS 0x0000000709c00000, 0x0000000709c00000| Untracked 
|  79|0x0000000709e00000, 0x0000000709e00000, 0x000000070a000000|  0%| F|  |TAMS 0x0000000709e00000, 0x0000000709e00000| Untracked 
|  80|0x000000070a000000, 0x000000070a000000, 0x000000070a200000|  0%| F|  |TAMS 0x000000070a000000, 0x000000070a000000| Untracked 
|  81|0x000000070a200000, 0x000000070a200000, 0x000000070a400000|  0%| F|  |TAMS 0x000000070a200000, 0x000000070a200000| Untracked 
|  82|0x000000070a400000, 0x000000070a400000, 0x000000070a600000|  0%| F|  |TAMS 0x000000070a400000, 0x000000070a400000| Untracked 
|  83|0x000000070a600000, 0x000000070a600000, 0x000000070a800000|  0%| F|  |TAMS 0x000000070a600000, 0x000000070a600000| Untracked 
|  84|0x000000070a800000, 0x000000070a800000, 0x000000070aa00000|  0%| F|  |TAMS 0x000000070a800000, 0x000000070a800000| Untracked 
|  85|0x000000070aa00000, 0x000000070aa00000, 0x000000070ac00000|  0%| F|  |TAMS 0x000000070aa00000, 0x000000070aa00000| Untracked 
|  86|0x000000070ac00000, 0x000000070ac00000, 0x000000070ae00000|  0%| F|  |TAMS 0x000000070ac00000, 0x000000070ac00000| Untracked 
|  87|0x000000070ae00000, 0x000000070ae00000, 0x000000070b000000|  0%| F|  |TAMS 0x000000070ae00000, 0x000000070ae00000| Untracked 
|  88|0x000000070b000000, 0x000000070b000000, 0x000000070b200000|  0%| F|  |TAMS 0x000000070b000000, 0x000000070b000000| Untracked 
|  89|0x000000070b200000, 0x000000070b200000, 0x000000070b400000|  0%| F|  |TAMS 0x000000070b200000, 0x000000070b200000| Untracked 
|  90|0x000000070b400000, 0x000000070b400000, 0x000000070b600000|  0%| F|  |TAMS 0x000000070b400000, 0x000000070b400000| Untracked 
|  91|0x000000070b600000, 0x000000070b600000, 0x000000070b800000|  0%| F|  |TAMS 0x000000070b600000, 0x000000070b600000| Untracked 
|  92|0x000000070b800000, 0x000000070b800000, 0x000000070ba00000|  0%| F|  |TAMS 0x000000070b800000, 0x000000070b800000| Untracked 
|  93|0x000000070ba00000, 0x000000070ba00000, 0x000000070bc00000|  0%| F|  |TAMS 0x000000070ba00000, 0x000000070ba00000| Untracked 
|  94|0x000000070bc00000, 0x000000070bc00000, 0x000000070be00000|  0%| F|  |TAMS 0x000000070bc00000, 0x000000070bc00000| Untracked 
|  95|0x000000070be00000, 0x000000070be00000, 0x000000070c000000|  0%| F|  |TAMS 0x000000070be00000, 0x000000070be00000| Untracked 
|  96|0x000000070c000000, 0x000000070c000000, 0x000000070c200000|  0%| F|  |TAMS 0x000000070c000000, 0x000000070c000000| Untracked 
|  97|0x000000070c200000, 0x000000070c200000, 0x000000070c400000|  0%| F|  |TAMS 0x000000070c200000, 0x000000070c200000| Untracked 
|  98|0x000000070c400000, 0x000000070c400000, 0x000000070c600000|  0%| F|  |TAMS 0x000000070c400000, 0x000000070c400000| Untracked 
|  99|0x000000070c600000, 0x000000070c600000, 0x000000070c800000|  0%| F|  |TAMS 0x000000070c600000, 0x000000070c600000| Untracked 
| 100|0x000000070c800000, 0x000000070c800000, 0x000000070ca00000|  0%| F|  |TAMS 0x000000070c800000, 0x000000070c800000| Untracked 
| 101|0x000000070ca00000, 0x000000070ca00000, 0x000000070cc00000|  0%| F|  |TAMS 0x000000070ca00000, 0x000000070ca00000| Untracked 
| 102|0x000000070cc00000, 0x000000070cc00000, 0x000000070ce00000|  0%| F|  |TAMS 0x000000070cc00000, 0x000000070cc00000| Untracked 
| 103|0x000000070ce00000, 0x000000070ce00000, 0x000000070d000000|  0%| F|  |TAMS 0x000000070ce00000, 0x000000070ce00000| Untracked 
| 104|0x000000070d000000, 0x000000070d000000, 0x000000070d200000|  0%| F|  |TAMS 0x000000070d000000, 0x000000070d000000| Untracked 
| 105|0x000000070d200000, 0x000000070d200000, 0x000000070d400000|  0%| F|  |TAMS 0x000000070d200000, 0x000000070d200000| Untracked 
| 106|0x000000070d400000, 0x000000070d400000, 0x000000070d600000|  0%| F|  |TAMS 0x000000070d400000, 0x000000070d400000| Untracked 
| 107|0x000000070d600000, 0x000000070d600000, 0x000000070d800000|  0%| F|  |TAMS 0x000000070d600000, 0x000000070d600000| Untracked 
| 108|0x000000070d800000, 0x000000070d800000, 0x000000070da00000|  0%| F|  |TAMS 0x000000070d800000, 0x000000070d800000| Untracked 
| 109|0x000000070da00000, 0x000000070da00000, 0x000000070dc00000|  0%| F|  |TAMS 0x000000070da00000, 0x000000070da00000| Untracked 
| 110|0x000000070dc00000, 0x000000070dc00000, 0x000000070de00000|  0%| F|  |TAMS 0x000000070dc00000, 0x000000070dc00000| Untracked 
| 111|0x000000070de00000, 0x000000070de00000, 0x000000070e000000|  0%| F|  |TAMS 0x000000070de00000, 0x000000070de00000| Untracked 
| 112|0x000000070e000000, 0x000000070e000000, 0x000000070e200000|  0%| F|  |TAMS 0x000000070e000000, 0x000000070e000000| Untracked 
| 113|0x000000070e200000, 0x000000070e200000, 0x000000070e400000|  0%| F|  |TAMS 0x000000070e200000, 0x000000070e200000| Untracked 
| 114|0x000000070e400000, 0x000000070e400000, 0x000000070e600000|  0%| F|  |TAMS 0x000000070e400000, 0x000000070e400000| Untracked 
| 115|0x000000070e600000, 0x000000070e600000, 0x000000070e800000|  0%| F|  |TAMS 0x000000070e600000, 0x000000070e600000| Untracked 
| 116|0x000000070e800000, 0x000000070e800000, 0x000000070ea00000|  0%| F|  |TAMS 0x000000070e800000, 0x000000070e800000| Untracked 
| 117|0x000000070ea00000, 0x000000070ea00000, 0x000000070ec00000|  0%| F|  |TAMS 0x000000070ea00000, 0x000000070ea00000| Untracked 
| 118|0x000000070ec00000, 0x000000070ec00000, 0x000000070ee00000|  0%| F|  |TAMS 0x000000070ec00000, 0x000000070ec00000| Untracked 
| 119|0x000000070ee00000, 0x000000070ee00000, 0x000000070f000000|  0%| F|  |TAMS 0x000000070ee00000, 0x000000070ee00000| Untracked 
| 120|0x000000070f000000, 0x000000070f000000, 0x000000070f200000|  0%| F|  |TAMS 0x000000070f000000, 0x000000070f000000| Untracked 
| 121|0x000000070f200000, 0x000000070f352738, 0x000000070f400000| 66%| E|  |TAMS 0x000000070f200000, 0x000000070f200000| Complete 
| 122|0x000000070f400000, 0x000000070f600000, 0x000000070f600000|100%| E|CS|TAMS 0x000000070f400000, 0x000000070f400000| Complete 
| 123|0x000000070f600000, 0x000000070f800000, 0x000000070f800000|100%| E|CS|TAMS 0x000000070f600000, 0x000000070f600000| Complete 
| 124|0x000000070f800000, 0x000000070fa00000, 0x000000070fa00000|100%| E|CS|TAMS 0x000000070f800000, 0x000000070f800000| Complete 
| 125|0x000000070fa00000, 0x000000070fc00000, 0x000000070fc00000|100%| E|  |TAMS 0x000000070fa00000, 0x000000070fa00000| Complete 
| 126|0x000000070fc00000, 0x000000070fe00000, 0x000000070fe00000|100%| E|CS|TAMS 0x000000070fc00000, 0x000000070fc00000| Complete 
| 127|0x000000070fe00000, 0x0000000710000000, 0x0000000710000000|100%| E|CS|TAMS 0x000000070fe00000, 0x000000070fe00000| Complete 
|1534|0x00000007bfc00000, 0x00000007bfd51000, 0x00000007bfe00000| 65%|OA|  |TAMS 0x00000007bfc00000, 0x00000007bfc00000| Untracked 
|1535|0x00000007bfe00000, 0x00000007bfe79000, 0x00000007c0000000| 23%|CA|  |TAMS 0x00000007bfe00000, 0x00000007bfe00000| Untracked 

Card table byte_map: [0x000000010803e000,0x000000010883e000] _byte_map_base: 0x000000010483e000

Marking Bits (Prev, Next): (CMBitMap*) 0x00007fda930f1e10, (CMBitMap*) 0x00007fda930f1e50
 Prev Bits: [0x0000000124399000, 0x0000000128399000)
 Next Bits: [0x0000000128399000, 0x000000012c399000)

Polling page: 0x00000001075e2000

Metaspace:

Usage:
  Non-class:      4.15 MB capacity,     1.19 MB ( 29%) used,     2.95 MB ( 71%) free+waste,   768 bytes ( <1%) overhead. 
      Class:    427.00 KB capacity,   121.15 KB ( 28%) used,   305.29 KB ( 71%) free+waste,   576 bytes ( <1%) overhead. 
       Both:      4.56 MB capacity,     1.31 MB ( 29%) used,     3.25 MB ( 71%) free+waste,     1.31 KB ( <1%) overhead. 

Virtual space:
  Non-class space:        8.00 MB reserved,       4.25 MB ( 53%) committed 
      Class space:        1.00 GB reserved,     512.00 KB ( <1%) committed 
             Both:        1.01 GB reserved,       4.75 MB ( <1%) committed 

Chunk freelists:
   Non-Class:  27.00 KB
       Class:  21.00 KB
        Both:  48.00 KB

MaxMetaspaceSize: 17179869184.00 GB
CompressedClassSpaceSize: 1.00 GB

CodeHeap 'non-profiled nmethods': size=120028Kb used=112Kb max_used=112Kb free=119915Kb
 bounds [0x000000011ce62000, 0x000000011d0d2000, 0x0000000124399000]
CodeHeap 'profiled nmethods': size=120028Kb used=590Kb max_used=590Kb free=119437Kb
 bounds [0x000000011592b000, 0x0000000115b9b000, 0x000000011ce62000]
CodeHeap 'non-nmethods': size=5704Kb used=1113Kb max_used=1128Kb free=4590Kb
 bounds [0x0000000115399000, 0x0000000115609000, 0x000000011592b000]
 total_blobs=788 nmethods=431 adapters=271
 compilation: enabled
              stopped_count=0, restarted_count=0
 full_count=0

Compilation events (20 events):
Event: 0.247 Thread 0x00007fda91acb200 nmethod 420 0x000000011ce7cc10 code [0x000000011ce7cda0, 0x000000011ce7ce50]
Event: 0.247 Thread 0x00007fda91acb200  421       1       java.util.stream.Collectors$CollectorImpl::accumulator (5 bytes)
Event: 0.247 Thread 0x00007fda91acb200 nmethod 421 0x000000011ce7cf10 code [0x000000011ce7d0a0, 0x000000011ce7d150]
Event: 0.247 Thread 0x00007fda91acb200  422       1       java.util.stream.Collectors$CollectorImpl::combiner (5 bytes)
Event: 0.247 Thread 0x00007fda91acb200 nmethod 422 0x000000011ce7d210 code [0x000000011ce7d3a0, 0x000000011ce7d450]
Event: 0.247 Thread 0x00007fda91acb200  423       1       java.util.stream.AbstractPipeline::getStreamAndOpFlags (5 bytes)
Event: 0.247 Thread 0x00007fda91acb200 nmethod 423 0x000000011ce7d510 code [0x000000011ce7d6a0, 0x000000011ce7d750]
Event: 0.247 Thread 0x00007fda91acb200  424       1       java.util.stream.ReduceOps$Box::get (5 bytes)
Event: 0.247 Thread 0x00007fda91acb200 nmethod 424 0x000000011ce7d810 code [0x000000011ce7d9a0, 0x000000011ce7da50]
Event: 0.247 Thread 0x00007fda91acb200  425       1       java.util.stream.Collectors$CollectorImpl::finisher (5 bytes)
Event: 0.247 Thread 0x00007fda91acb200 nmethod 425 0x000000011ce7db10 code [0x000000011ce7dca0, 0x000000011ce7dd50]
Event: 0.247 Thread 0x00007fda91acb200  427       3       java.util.StringJoiner::toString (181 bytes)
Event: 0.249 Thread 0x00007fda91acb200 nmethod 427 0x00000001159bb310 code [0x00000001159bb560, 0x00000001159bbe60]
Event: 0.249 Thread 0x00007fda91acb200  428       3       jdk.internal.org.objectweb.asm.SymbolTable::addConstantUtf8Reference (101 bytes)
Event: 0.249 Thread 0x00007fda91acb200 nmethod 428 0x00000001159bc290 code [0x00000001159bc4a0, 0x00000001159bca70]
Event: 0.249 Thread 0x00007fda91acb200  429       3       jdk.internal.org.objectweb.asm.Frame::push (109 bytes)
Event: 0.249 Thread 0x00007fda91acb200 nmethod 429 0x00000001159bcd90 code [0x00000001159bcf60, 0x00000001159bd500]
Event: 0.249 Thread 0x00007fda91acb200  431       3       java.lang.String::replace (42 bytes)
Event: 0.250 Thread 0x00007fda91acb200 nmethod 431 0x00000001159bd710 code [0x00000001159bd8c0, 0x00000001159bdbd0]
Event: 0.250 Thread 0x00007fda91acb200  426       3       java.util.StringJoiner::<init> (63 bytes)

GC Heap History (0 events):
No events

Deoptimization events (20 events):
Event: 0.115 Thread 0x00007fda93929800 DEOPT PACKING pc=0x00000001159453e4 sp=0x00007ffeed8e5d80
Event: 0.115 Thread 0x00007fda93929800 DEOPT UNPACKING pc=0x00000001153e6f2b sp=0x00007ffeed8e5268 mode 0
Event: 0.115 Thread 0x00007fda93929800 DEOPT PACKING pc=0x0000000115945405 sp=0x00007ffeed8e5d80
Event: 0.115 Thread 0x00007fda93929800 DEOPT UNPACKING pc=0x00000001153e6f2b sp=0x00007ffeed8e5268 mode 0
Event: 0.115 Thread 0x00007fda93929800 DEOPT PACKING pc=0x00000001159453e4 sp=0x00007ffeed8e5d80
Event: 0.115 Thread 0x00007fda93929800 DEOPT UNPACKING pc=0x00000001153e6f2b sp=0x00007ffeed8e5268 mode 0
Event: 0.116 Thread 0x00007fda93929800 DEOPT PACKING pc=0x00000001159453e4 sp=0x00007ffeed8e5d80
Event: 0.116 Thread 0x00007fda93929800 DEOPT UNPACKING pc=0x00000001153e6f2b sp=0x00007ffeed8e5268 mode 0
Event: 0.116 Thread 0x00007fda93929800 DEOPT PACKING pc=0x000000011594968e sp=0x00007ffeed8e5dc0
Event: 0.116 Thread 0x00007fda93929800 DEOPT UNPACKING pc=0x00000001153e6f2b sp=0x00007ffeed8e5278 mode 0
Event: 0.116 Thread 0x00007fda93929800 DEOPT PACKING pc=0x00000001159453e4 sp=0x00007ffeed8e5d90
Event: 0.116 Thread 0x00007fda93929800 DEOPT UNPACKING pc=0x00000001153e6f2b sp=0x00007ffeed8e5278 mode 0
Event: 0.116 Thread 0x00007fda93929800 DEOPT PACKING pc=0x00000001159453e4 sp=0x00007ffeed8e5d90
Event: 0.116 Thread 0x00007fda93929800 DEOPT UNPACKING pc=0x00000001153e6f2b sp=0x00007ffeed8e5278 mode 0
Event: 0.117 Thread 0x00007fda93929800 DEOPT PACKING pc=0x00000001159453e4 sp=0x00007ffeed8e5d90
Event: 0.117 Thread 0x00007fda93929800 DEOPT UNPACKING pc=0x00000001153e6f2b sp=0x00007ffeed8e5278 mode 0
Event: 0.176 Thread 0x00007fda93929800 DEOPT PACKING pc=0x000000011592ce6d sp=0x00007ffeed8e6a00
Event: 0.176 Thread 0x00007fda93929800 DEOPT UNPACKING pc=0x00000001153e6f2b sp=0x00007ffeed8e5ea8 mode 0
Event: 0.191 Thread 0x00007fda93929800 DEOPT PACKING pc=0x000000011594ca2f sp=0x00007ffeed8e6730
Event: 0.191 Thread 0x00007fda93929800 DEOPT UNPACKING pc=0x00000001153e6f2b sp=0x00007ffeed8e5bf0 mode 0

Classes unloaded (0 events):
No events

Classes redefined (0 events):
No events

Internal exceptions (5 events):
Event: 0.125 Thread 0x00007fda93929800 Exception <a 'java/lang/NoClassDefFoundError'{0x000000070f7e44e0}: org/jpype/classloader/DynamicClassLoader> (0x000000070f7e44e0) 
thrown [src/hotspot/share/classfile/systemDictionary.cpp, line 284]
Event: 0.199 Thread 0x00007fda93929800 Exception <a 'java/lang/NoSuchMethodError'{0x000000070f556948}: 'java.lang.Object java.lang.invoke.DirectMethodHandle$Holder.invokeInterface(java.lang.Object, java.lang.Object)'> (0x000000070f556948) 
thrown [src/hotspot/share/interpreter/linkResolver.cpp, line 782]
Event: 0.200 Thread 0x00007fda93929800 Exception <a 'java/lang/IncompatibleClassChangeError'{0x000000070f55a3d0}: Found class java.lang.Object, but interface was expected> (0x000000070f55a3d0) 
thrown [src/hotspot/share/interpreter/linkResolver.cpp, line 848]
Event: 0.248 Thread 0x00007fda93945000 Exception <a 'java/lang/InterruptedException'{0x000000070f2e1cd8}> (0x000000070f2e1cd8) 
thrown [src/hotspot/share/runtime/objectMonitor.cpp, line 1545]
Event: 0.250 Thread 0x00007fda93929800 Exception <a 'org/jpype/PyExceptionProxy'{0x000000070f225080}> (0x000000070f225080) 
thrown [src/hotspot/share/prims/jni.cpp, line 578]

Events (20 events):
Event: 0.239 loading class jdk/internal/reflect/MethodAccessorGenerator$1
Event: 0.240 loading class jdk/internal/reflect/MethodAccessorGenerator$1 done
Event: 0.240 loading class jdk/internal/reflect/ClassDefiner
Event: 0.240 loading class jdk/internal/reflect/ClassDefiner done
Event: 0.240 loading class jdk/internal/reflect/ClassDefiner$1
Event: 0.240 loading class jdk/internal/reflect/ClassDefiner$1 done
Event: 0.240 loading class jdk/internal/reflect/BootstrapConstructorAccessorImpl
Event: 0.240 loading class jdk/internal/reflect/BootstrapConstructorAccessorImpl done
Event: 0.247 loading class java/lang/Deprecated
Event: 0.247 loading class java/lang/Deprecated done
Event: 0.247 loading class java/lang/annotation/Documented
Event: 0.247 loading class java/lang/annotation/Documented done
Event: 0.248 Executing VM operation: ThreadDump
Event: 0.248 Executing VM operation: ThreadDump done
Event: 0.248 Executing VM operation: HandshakeAllThreads
Event: 0.248 Executing VM operation: HandshakeAllThreads done
Event: 0.248 Protecting memory [0x0000700015388000,0x000070001538c000] with protection modes 3
Event: 0.248 Thread 0x00007fda93945000 Thread exited: 0x00007fda93945000
Event: 0.250 Protecting memory [0x000070001558e000,0x0000700015592000] with protection modes 3
Event: 0.250 Thread 0x00007fda9502ca00 Thread exited: 0x00007fda9502ca00


Dynamic libraries:
0x00007fff204f2000 	/System/Library/Frameworks/CoreFoundation.framework/Versions/A/CoreFoundation
0x0000000102322000 	/usr/local/Cellar/python@3.8/3.8.10/Frameworks/Python.framework/Versions/3.8/Python
0x00007fff2a653000 	/usr/lib/libSystem.B.dylib
0x00007fff20312000 	/usr/lib/libobjc.A.dylib
0x00007fff2a620000 	/usr/lib/liboah.dylib
0x00007fff2a655000 	/usr/lib/libfakelink.dylib
0x00007fff22661000 	/usr/lib/libicucore.A.dylib
0x00007fff2a659000 	/System/Library/PrivateFrameworks/SoftLinking.framework/Versions/A/SoftLinking
0x00007fff2042e000 	/usr/lib/libc++abi.dylib
0x00007fff203d8000 	/usr/lib/libc++.1.dylib
0x00007fff2a64d000 	/usr/lib/system/libcache.dylib
0x00007fff2a609000 	/usr/lib/system/libcommonCrypto.dylib
0x00007fff2a633000 	/usr/lib/system/libcompiler_rt.dylib
0x00007fff2a628000 	/usr/lib/system/libcopyfile.dylib
0x00007fff20202000 	/usr/lib/system/libcorecrypto.dylib
0x00007fff202cd000 	/usr/lib/system/libdispatch.dylib
0x00007fff20480000 	/usr/lib/system/libdyld.dylib
0x00007fff2a644000 	/usr/lib/system/libkeymgr.dylib
0x00007fff2da57000 	/usr/lib/system/liblaunch.dylib
0x00007fff2a5e7000 	/usr/lib/system/libmacho.dylib
0x00007fff29ddf000 	/usr/lib/system/libquarantine.dylib
0x00007fff2a641000 	/usr/lib/system/libremovefile.dylib
0x00007fff24ce5000 	/usr/lib/system/libsystem_asl.dylib
0x00007fff201b2000 	/usr/lib/system/libsystem_blocks.dylib
0x00007fff2034f000 	/usr/lib/system/libsystem_c.dylib
0x00007fff2a63b000 	/usr/lib/system/libsystem_collections.dylib
0x00007fff290e5000 	/usr/lib/system/libsystem_configuration.dylib
0x00007fff283d1000 	/usr/lib/system/libsystem_containermanager.dylib
0x00007fff2a38a000 	/usr/lib/system/libsystem_coreservices.dylib
0x00007fff228c1000 	/usr/lib/system/libsystem_darwin.dylib
0x00007fff2a645000 	/usr/lib/system/libsystem_dnssd.dylib
0x00007fff2034c000 	/usr/lib/system/libsystem_featureflags.dylib
0x00007fff204c6000 	/usr/lib/system/libsystem_info.dylib
0x00007fff2a59e000 	/usr/lib/system/libsystem_m.dylib
0x00007fff202a0000 	/usr/lib/system/libsystem_malloc.dylib
0x00007fff24c78000 	/usr/lib/system/libsystem_networkextension.dylib
0x00007fff22ce0000 	/usr/lib/system/libsystem_notify.dylib
0x00007fff2feee000 	/usr/lib/system/libsystem_product_info_filter.dylib
0x00007fff290e9000 	/usr/lib/system/libsystem_sandbox.dylib
0x00007fff2a63e000 	/usr/lib/system/libsystem_secinit.dylib
0x00007fff20444000 	/usr/lib/system/libsystem_kernel.dylib
0x00007fff204bc000 	/usr/lib/system/libsystem_platform.dylib
0x00007fff20474000 	/usr/lib/system/libsystem_pthread.dylib
0x00007fff263c2000 	/usr/lib/system/libsystem_symptoms.dylib
0x00007fff201ea000 	/usr/lib/system/libsystem_trace.dylib
0x00007fff2a615000 	/usr/lib/system/libunwind.dylib
0x00007fff201b4000 	/usr/lib/system/libxpc.dylib
0x000000010278b000 	/usr/local/Cellar/python@3.8/3.8.10/Frameworks/Python.framework/Versions/3.8/lib/python3.8/lib-dynload/_heapq.cpython-38-darwin.so
0x000000010285b000 	/usr/local/Cellar/python@3.8/3.8.10/Frameworks/Python.framework/Versions/3.8/lib/python3.8/lib-dynload/_struct.cpython-38-darwin.so
0x00000001028af000 	/usr/local/Cellar/python@3.8/3.8.10/Frameworks/Python.framework/Versions/3.8/lib/python3.8/lib-dynload/_pickle.cpython-38-darwin.so
0x00000001028cf000 	/usr/local/Cellar/python@3.8/3.8.10/Frameworks/Python.framework/Versions/3.8/lib/python3.8/lib-dynload/_socket.cpython-38-darwin.so
0x000000010292b000 	/usr/local/Cellar/python@3.8/3.8.10/Frameworks/Python.framework/Versions/3.8/lib/python3.8/lib-dynload/math.cpython-38-darwin.so
0x000000010293f000 	/usr/local/Cellar/python@3.8/3.8.10/Frameworks/Python.framework/Versions/3.8/lib/python3.8/lib-dynload/select.cpython-38-darwin.so
0x0000000102953000 	/usr/local/Cellar/python@3.8/3.8.10/Frameworks/Python.framework/Versions/3.8/lib/python3.8/lib-dynload/array.cpython-38-darwin.so
0x00000001029a7000 	/usr/local/Cellar/python@3.8/3.8.10/Frameworks/Python.framework/Versions/3.8/lib/python3.8/lib-dynload/_posixsubprocess.cpython-38-darwin.so
0x00000001029b7000 	/usr/local/Cellar/python@3.8/3.8.10/Frameworks/Python.framework/Versions/3.8/lib/python3.8/lib-dynload/_multiprocessing.cpython-38-darwin.so
0x00000001029c7000 	/usr/local/Cellar/python@3.8/3.8.10/Frameworks/Python.framework/Versions/3.8/lib/python3.8/lib-dynload/_posixshmem.cpython-38-darwin.so
0x0000000102a97000 	/usr/local/Cellar/python@3.8/3.8.10/Frameworks/Python.framework/Versions/3.8/lib/python3.8/lib-dynload/_ssl.cpython-38-darwin.so
0x0000000102ac3000 	/usr/local/opt/openssl@1.1/lib/libssl.1.1.dylib
0x0000000102b3f000 	/usr/local/opt/openssl@1.1/lib/libcrypto.1.1.dylib
0x0000000102dd7000 	/usr/local/Cellar/python@3.8/3.8.10/Frameworks/Python.framework/Versions/3.8/lib/python3.8/lib-dynload/binascii.cpython-38-darwin.so
0x00007fff2a58b000 	/usr/lib/libz.1.dylib
0x0000000102e2b000 	/usr/local/Cellar/python@3.8/3.8.10/Frameworks/Python.framework/Versions/3.8/lib/python3.8/lib-dynload/_opcode.cpython-38-darwin.so
0x0000000102e7b000 	/usr/local/Cellar/python@3.8/3.8.10/Frameworks/Python.framework/Versions/3.8/lib/python3.8/lib-dynload/_contextvars.cpython-38-darwin.so
0x0000000102e8b000 	/usr/local/Cellar/python@3.8/3.8.10/Frameworks/Python.framework/Versions/3.8/lib/python3.8/lib-dynload/_asyncio.cpython-38-darwin.so
0x0000000102f63000 	/usr/local/Cellar/python@3.8/3.8.10/Frameworks/Python.framework/Versions/3.8/lib/python3.8/lib-dynload/_json.cpython-38-darwin.so
0x0000000102fb7000 	/usr/local/Cellar/python@3.8/3.8.10/Frameworks/Python.framework/Versions/3.8/lib/python3.8/lib-dynload/_queue.cpython-38-darwin.so
0x00000001030c7000 	/usr/local/Cellar/python@3.8/3.8.10/Frameworks/Python.framework/Versions/3.8/lib/python3.8/lib-dynload/_datetime.cpython-38-darwin.so
0x00000001031a3000 	/Users/alex/Projects/rootid/rootswallet/venv/lib/python3.8/site-packages/yaml/_yaml.cpython-38-darwin.so
0x0000000103293000 	/usr/local/Cellar/python@3.8/3.8.10/Frameworks/Python.framework/Versions/3.8/lib/python3.8/lib-dynload/_bisect.cpython-38-darwin.so
0x00000001032a3000 	/usr/local/Cellar/python@3.8/3.8.10/Frameworks/Python.framework/Versions/3.8/lib/python3.8/lib-dynload/_sha512.cpython-38-darwin.so
0x00000001032b7000 	/usr/local/Cellar/python@3.8/3.8.10/Frameworks/Python.framework/Versions/3.8/lib/python3.8/lib-dynload/_random.cpython-38-darwin.so
0x0000000103347000 	/usr/local/Cellar/python@3.8/3.8.10/Frameworks/Python.framework/Versions/3.8/lib/python3.8/lib-dynload/zlib.cpython-38-darwin.so
0x000000010335b000 	/usr/local/Cellar/python@3.8/3.8.10/Frameworks/Python.framework/Versions/3.8/lib/python3.8/lib-dynload/_bz2.cpython-38-darwin.so
0x00007fff2a37d000 	/usr/lib/libbz2.1.0.dylib
0x000000010336b000 	/usr/local/Cellar/python@3.8/3.8.10/Frameworks/Python.framework/Versions/3.8/lib/python3.8/lib-dynload/_lzma.cpython-38-darwin.so
0x000000010337f000 	/usr/local/opt/xz/lib/liblzma.5.dylib
0x00000001033a7000 	/usr/local/Cellar/python@3.8/3.8.10/Frameworks/Python.framework/Versions/3.8/lib/python3.8/lib-dynload/grp.cpython-38-darwin.so
0x00000001034f7000 	/Users/alex/Projects/rootid/rootswallet/venv/lib/python3.8/site-packages/uvloop/loop.cpython-38-darwin.so
0x0000000103723000 	/Users/alex/Projects/rootid/rootswallet/venv/lib/python3.8/site-packages/httptools/parser/parser.cpython-38-darwin.so
0x000000010374b000 	/Users/alex/Projects/rootid/rootswallet/venv/lib/python3.8/site-packages/httptools/parser/url_parser.cpython-38-darwin.so
0x00000001037a3000 	/usr/local/Cellar/python@3.8/3.8.10/Frameworks/Python.framework/Versions/3.8/lib/python3.8/lib-dynload/_hashlib.cpython-38-darwin.so
0x00000001037b7000 	/usr/local/Cellar/python@3.8/3.8.10/Frameworks/Python.framework/Versions/3.8/lib/python3.8/lib-dynload/_blake2.cpython-38-darwin.so
0x00000001037cb000 	/usr/local/Cellar/python@3.8/3.8.10/Frameworks/Python.framework/Versions/3.8/lib/python3.8/lib-dynload/_sha3.cpython-38-darwin.so
0x00000001037eb000 	/Users/alex/Projects/rootid/rootswallet/venv/lib/python3.8/site-packages/websockets/speedups.cpython-38-darwin.so
0x0000000103837000 	/usr/local/Cellar/python@3.8/3.8.10/Frameworks/Python.framework/Versions/3.8/lib/python3.8/lib-dynload/_uuid.cpython-38-darwin.so
0x00000001038c7000 	/Users/alex/Projects/rootid/rootswallet/venv/lib/python3.8/site-packages/pydantic/__init__.cpython-38-darwin.so
0x00000001038db000 	/Users/alex/Projects/rootid/rootswallet/venv/lib/python3.8/site-packages/pydantic/dataclasses.cpython-38-darwin.so
0x000000010391f000 	/Users/alex/Projects/rootid/rootswallet/venv/lib/python3.8/site-packages/pydantic/class_validators.cpython-38-darwin.so
0x0000000103973000 	/Users/alex/Projects/rootid/rootswallet/venv/lib/python3.8/site-packages/pydantic/errors.cpython-38-darwin.so
0x00000001039d7000 	/usr/local/Cellar/python@3.8/3.8.10/Frameworks/Python.framework/Versions/3.8/lib/python3.8/lib-dynload/_decimal.cpython-38-darwin.so
0x0000000103a03000 	/usr/local/opt/mpdecimal/lib/libmpdec.3.dylib
0x0000000103a6f000 	/Users/alex/Projects/rootid/rootswallet/venv/lib/python3.8/site-packages/pydantic/typing.cpython-38-darwin.so
0x0000000103b17000 	/Users/alex/Projects/rootid/rootswallet/venv/lib/python3.8/site-packages/pydantic/utils.cpython-38-darwin.so
0x0000000103b9f000 	/Users/alex/Projects/rootid/rootswallet/venv/lib/python3.8/site-packages/pydantic/version.cpython-38-darwin.so
0x0000000103bb7000 	/Users/alex/Projects/rootid/rootswallet/venv/lib/python3.8/site-packages/pydantic/error_wrappers.cpython-38-darwin.so
0x0000000103beb000 	/Users/alex/Projects/rootid/rootswallet/venv/lib/python3.8/site-packages/pydantic/json.cpython-38-darwin.so
0x0000000103c0f000 	/Users/alex/Projects/rootid/rootswallet/venv/lib/python3.8/site-packages/pydantic/color.cpython-38-darwin.so
0x0000000103c73000 	/Users/alex/Projects/rootid/rootswallet/venv/lib/python3.8/site-packages/pydantic/networks.cpython-38-darwin.so
0x0000000103d1b000 	/Users/alex/Projects/rootid/rootswallet/venv/lib/python3.8/site-packages/pydantic/validators.cpython-38-darwin.so
0x0000000103dc3000 	/Users/alex/Projects/rootid/rootswallet/venv/lib/python3.8/site-packages/pydantic/datetime_parse.cpython-38-darwin.so
0x0000000103df3000 	/Users/alex/Projects/rootid/rootswallet/venv/lib/python3.8/site-packages/pydantic/types.cpython-38-darwin.so
0x0000000103ef3000 	/Users/alex/Projects/rootid/rootswallet/venv/lib/python3.8/site-packages/pydantic/fields.cpython-38-darwin.so
0x0000000103fbb000 	/Users/alex/Projects/rootid/rootswallet/venv/lib/python3.8/site-packages/pydantic/main.cpython-38-darwin.so
0x000000010406f000 	/Users/alex/Projects/rootid/rootswallet/venv/lib/python3.8/site-packages/pydantic/config.cpython-38-darwin.so
0x000000010408f000 	/Users/alex/Projects/rootid/rootswallet/venv/lib/python3.8/site-packages/pydantic/parse.cpython-38-darwin.so
0x00000001040a7000 	/Users/alex/Projects/rootid/rootswallet/venv/lib/python3.8/site-packages/pydantic/schema.cpython-38-darwin.so
0x0000000104173000 	/Users/alex/Projects/rootid/rootswallet/venv/lib/python3.8/site-packages/pydantic/annotated_types.cpython-38-darwin.so
0x000000010418b000 	/Users/alex/Projects/rootid/rootswallet/venv/lib/python3.8/site-packages/pydantic/decorator.cpython-38-darwin.so
0x00000001041cb000 	/Users/alex/Projects/rootid/rootswallet/venv/lib/python3.8/site-packages/pydantic/env_settings.cpython-38-darwin.so
0x000000010425b000 	/Users/alex/Projects/rootid/rootswallet/venv/lib/python3.8/site-packages/pydantic/tools.cpython-38-darwin.so
0x00000001044bb000 	/Users/alex/Projects/rootid/rootswallet/venv/lib/python3.8/site-packages/cryptography/hazmat/bindings/_rust.abi3.so
0x00007fff2a692000 	/usr/lib/libiconv.2.dylib
0x00007fff2ceeb000 	/usr/lib/libresolv.9.dylib
0x00007fff2a5e6000 	/usr/lib/libcharset.1.dylib
0x000000010489b000 	/Users/alex/Projects/rootid/rootswallet/venv/lib/python3.8/site-packages/cryptography/hazmat/bindings/_openssl.abi3.so
0x0000000104e5b000 	/Users/alex/Projects/rootid/rootswallet/venv/lib/python3.8/site-packages/_cffi_backend.cpython-38-darwin.so
0x00007fff2da58000 	/usr/lib/libffi.dylib
0x0000000105093000 	/Users/alex/Projects/rootid/rootswallet/venv/lib/python3.8/site-packages/Cryptodome/Cipher/_raw_ecb.abi3.so
0x000000010509b000 	/Users/alex/Projects/rootid/rootswallet/venv/lib/python3.8/site-packages/Cryptodome/Cipher/_raw_cbc.abi3.so
0x00000001050a7000 	/Users/alex/Projects/rootid/rootswallet/venv/lib/python3.8/site-packages/Cryptodome/Cipher/_raw_cfb.abi3.so
0x00000001050b3000 	/Users/alex/Projects/rootid/rootswallet/venv/lib/python3.8/site-packages/Cryptodome/Cipher/_raw_ofb.abi3.so
0x000000010513f000 	/Users/alex/Projects/rootid/rootswallet/venv/lib/python3.8/site-packages/Cryptodome/Cipher/_raw_ctr.abi3.so
0x000000010514b000 	/Users/alex/Projects/rootid/rootswallet/venv/lib/python3.8/site-packages/Cryptodome/Util/_strxor.abi3.so
0x0000000105153000 	/Users/alex/Projects/rootid/rootswallet/venv/lib/python3.8/site-packages/Cryptodome/Hash/_BLAKE2s.abi3.so
0x000000010515f000 	/Users/alex/Projects/rootid/rootswallet/venv/lib/python3.8/site-packages/Cryptodome/Hash/_SHA1.abi3.so
0x000000010516b000 	/Users/alex/Projects/rootid/rootswallet/venv/lib/python3.8/site-packages/Cryptodome/Hash/_SHA256.abi3.so
0x00000001051b7000 	/Users/alex/Projects/rootid/rootswallet/venv/lib/python3.8/site-packages/Cryptodome/Hash/_MD5.abi3.so
0x00000001051c3000 	/Users/alex/Projects/rootid/rootswallet/venv/lib/python3.8/site-packages/Cryptodome/Cipher/_Salsa20.abi3.so
0x00000001051cf000 	/Users/alex/Projects/rootid/rootswallet/venv/lib/python3.8/site-packages/Cryptodome/Protocol/_scrypt.abi3.so
0x00000001051db000 	/Users/alex/Projects/rootid/rootswallet/venv/lib/python3.8/site-packages/Cryptodome/Util/_cpuid_c.abi3.so
0x00000001051e3000 	/Users/alex/Projects/rootid/rootswallet/venv/lib/python3.8/site-packages/Cryptodome/Hash/_ghash_portable.abi3.so
0x00000001051ef000 	/Users/alex/Projects/rootid/rootswallet/venv/lib/python3.8/site-packages/Cryptodome/Hash/_ghash_clmul.abi3.so
0x00000001051fb000 	/Users/alex/Projects/rootid/rootswallet/venv/lib/python3.8/site-packages/Cryptodome/Cipher/_raw_ocb.abi3.so
0x0000000105207000 	/Users/alex/Projects/rootid/rootswallet/venv/lib/python3.8/site-packages/Cryptodome/Cipher/_chacha20.abi3.so
0x0000000105213000 	/Users/alex/Projects/rootid/rootswallet/venv/lib/python3.8/site-packages/Cryptodome/Hash/_poly1305.abi3.so
0x000000010535f000 	/Users/alex/Projects/rootid/rootswallet/venv/lib/python3.8/site-packages/bson/_cbson.cpython-38-darwin.so
0x00000001053ad000 	/usr/local/Cellar/python@3.8/3.8.10/Frameworks/Python.framework/Versions/3.8/lib/python3.8/lib-dynload/unicodedata.cpython-38-darwin.so
0x0000000105541000 	/Users/alex/Projects/rootid/rootswallet/venv/lib/python3.8/site-packages/pymongo/_cmessage.cpython-38-darwin.so
0x0000000105607000 	/usr/local/Cellar/python@3.8/3.8.10/Frameworks/Python.framework/Versions/3.8/lib/python3.8/lib-dynload/fcntl.cpython-38-darwin.so
0x0000000105617000 	/usr/local/Cellar/python@3.8/3.8.10/Frameworks/Python.framework/Versions/3.8/lib/python3.8/lib-dynload/pyexpat.cpython-38-darwin.so
0x000000010578b000 	/usr/local/Cellar/python@3.8/3.8.10/Frameworks/Python.framework/Versions/3.8/lib/python3.8/lib-dynload/_csv.cpython-38-darwin.so
0x000000010599f000 	/usr/local/Cellar/python@3.8/3.8.10/Frameworks/Python.framework/Versions/3.8/lib/python3.8/lib-dynload/_scproxy.cpython-38-darwin.so
0x00007fff20fb5000 	/System/Library/Frameworks/SystemConfiguration.framework/Versions/A/SystemConfiguration
0x00007fff29e06000 	/usr/lib/libbsm.0.dylib
0x00007fff24152000 	/usr/lib/libnetwork.dylib
0x00007fff2a65a000 	/usr/lib/libpcap.A.dylib
0x00007fff263bb000 	/usr/lib/libdns_services.dylib
0x00007fff22c31000 	/System/Library/Frameworks/IOKit.framework/Versions/A/IOKit
0x00007fff247d9000 	/System/Library/Frameworks/CFNetwork.framework/Versions/A/CFNetwork
0x00007fff2acf7000 	/usr/lib/libcoretls_cfhelpers.dylib
0x00007fff22309000 	/System/Library/Frameworks/Security.framework/Versions/A/Security
0x00007fff2a894000 	/usr/lib/libapple_nghttp2.dylib
0x00007fff26586000 	/usr/lib/libDiagnosticMessagesClient.dylib
0x00007fff24c87000 	/usr/lib/libenergytrace.dylib
0x00007fff2a5ed000 	/usr/lib/system/libkxld.dylib
0x00007fff26034000 	/usr/lib/libsqlite3.dylib
0x00007fff212a1000 	/System/Library/Frameworks/Foundation.framework/Versions/C/Foundation
0x00007fff24c88000 	/usr/lib/libMobileGestalt.dylib
0x00007fff2a36d000 	/System/Library/PrivateFrameworks/AppleFSCompression.framework/Versions/A/AppleFSCompression
0x00007fff29dee000 	/usr/lib/libcoretls.dylib
0x00007fff2a8c5000 	/usr/lib/libpam.2.dylib
0x00007fff2adf5000 	/usr/lib/libxar.1.dylib
0x00007fff2729e000 	/System/Library/PrivateFrameworks/CoreAutoLayout.framework/Versions/A/CoreAutoLayout
0x00007fff2a8ca000 	/usr/lib/libcompression.dylib
0x00007fff26671000 	/System/Library/Frameworks/DiskArbitration.framework/Versions/A/DiskArbitration
0x00007fff2a795000 	/usr/lib/libarchive.2.dylib
0x00007fff272e6000 	/usr/lib/libxml2.2.dylib
0x00007fff2ffec000 	/System/Library/Frameworks/CoreServices.framework/Versions/A/CoreServices
0x00007fff290f4000 	/usr/lib/liblangid.dylib
0x00007fff21033000 	/usr/lib/libCRFSuite.dylib
0x00007fff2acde000 	/usr/lib/liblzma.5.dylib
0x00007fff27269000 	/System/Library/Frameworks/CoreServices.framework/Versions/A/Frameworks/FSEvents.framework/Versions/A/FSEvents
0x00007fff228cb000 	/System/Library/Frameworks/CoreServices.framework/Versions/A/Frameworks/CarbonCore.framework/Versions/A/CarbonCore
0x00007fff265d6000 	/System/Library/Frameworks/CoreServices.framework/Versions/A/Frameworks/Metadata.framework/Versions/A/Metadata
0x00007fff2a38f000 	/System/Library/Frameworks/CoreServices.framework/Versions/A/Frameworks/OSServices.framework/Versions/A/OSServices
0x00007fff2a807000 	/System/Library/Frameworks/CoreServices.framework/Versions/A/Frameworks/SearchKit.framework/Versions/A/SearchKit
0x00007fff26346000 	/System/Library/Frameworks/CoreServices.framework/Versions/A/Frameworks/AE.framework/Versions/A/AE
0x00007fff20990000 	/System/Library/Frameworks/CoreServices.framework/Versions/A/Frameworks/LaunchServices.framework/Versions/A/LaunchServices
0x00007fff2ac8e000 	/System/Library/Frameworks/CoreServices.framework/Versions/A/Frameworks/DictionaryServices.framework/Versions/A/DictionaryServices
0x00007fff27276000 	/System/Library/Frameworks/CoreServices.framework/Versions/A/Frameworks/SharedFileList.framework/Versions/A/SharedFileList
0x00007fff29de2000 	/usr/lib/libCheckFix.dylib
0x00007fff24cfc000 	/System/Library/PrivateFrameworks/TCC.framework/Versions/A/TCC
0x00007fff290f6000 	/System/Library/PrivateFrameworks/CoreNLP.framework/Versions/A/CoreNLP
0x00007fff26589000 	/System/Library/PrivateFrameworks/MetadataUtilities.framework/Versions/A/MetadataUtilities
0x00007fff21068000 	/usr/lib/libmecabra.dylib
0x00007fff2a0ec000 	/System/Library/Frameworks/MLCompute.framework/Versions/A/MLCompute
0x00007fff301a8000 	/System/Library/Frameworks/Accelerate.framework/Versions/A/Accelerate
0x00007fff29e17000 	/usr/lib/libmecab.dylib
0x00007fff29e61000 	/usr/lib/libgermantok.dylib
0x00007fff2a86f000 	/usr/lib/libThaiTokenizer.dylib
0x00007fff2ae30000 	/usr/lib/libChineseTokenizer.dylib
0x00007fff2a8c3000 	/System/Library/Frameworks/MetalPerformanceShaders.framework/Versions/A/MetalPerformanceShaders
0x00007fff283fe000 	/System/Library/Frameworks/Metal.framework/Versions/A/Metal
0x00007fff26678000 	/System/Library/Frameworks/Accelerate.framework/Versions/A/Frameworks/vImage.framework/Versions/A/vImage
0x00007fff2ffc6000 	/System/Library/Frameworks/Accelerate.framework/Versions/A/Frameworks/vecLib.framework/Versions/A/vecLib
0x00007fff2ae3b000 	/System/Library/Frameworks/Accelerate.framework/Versions/A/Frameworks/vecLib.framework/Versions/A/libvMisc.dylib
0x00007fff2984b000 	/System/Library/Frameworks/Accelerate.framework/Versions/A/Frameworks/vecLib.framework/Versions/A/libvDSP.dylib
0x00007fff20c9b000 	/System/Library/Frameworks/Accelerate.framework/Versions/A/Frameworks/vecLib.framework/Versions/A/libBLAS.dylib
0x00007fff2a8f0000 	/System/Library/Frameworks/Accelerate.framework/Versions/A/Frameworks/vecLib.framework/Versions/A/libLAPACK.dylib
0x00007fff29e67000 	/System/Library/Frameworks/Accelerate.framework/Versions/A/Frameworks/vecLib.framework/Versions/A/libLinearAlgebra.dylib
0x00007fff2a8ac000 	/System/Library/Frameworks/Accelerate.framework/Versions/A/Frameworks/vecLib.framework/Versions/A/libSparseBLAS.dylib
0x00007fff2a8ea000 	/System/Library/Frameworks/Accelerate.framework/Versions/A/Frameworks/vecLib.framework/Versions/A/libQuadrature.dylib
0x00007fff291a2000 	/System/Library/Frameworks/Accelerate.framework/Versions/A/Frameworks/vecLib.framework/Versions/A/libBNNS.dylib
0x00007fff20f46000 	/System/Library/Frameworks/Accelerate.framework/Versions/A/Frameworks/vecLib.framework/Versions/A/libSparse.dylib
0x00007fff2907e000 	/System/Library/Frameworks/MetalPerformanceShaders.framework/Versions/A/Frameworks/MPSCore.framework/Versions/A/MPSCore
0x00007fff2a2dc000 	/System/Library/Frameworks/MetalPerformanceShaders.framework/Versions/A/Frameworks/MPSImage.framework/Versions/A/MPSImage
0x00007fff29e7d000 	/System/Library/Frameworks/MetalPerformanceShaders.framework/Versions/A/Frameworks/MPSNeuralNetwork.framework/Versions/A/MPSNeuralNetwork
0x00007fff2a24e000 	/System/Library/Frameworks/MetalPerformanceShaders.framework/Versions/A/Frameworks/MPSMatrix.framework/Versions/A/MPSMatrix
0x00007fff2a09c000 	/System/Library/Frameworks/MetalPerformanceShaders.framework/Versions/A/Frameworks/MPSRayIntersector.framework/Versions/A/MPSRayIntersector
0x00007fff2a285000 	/System/Library/Frameworks/MetalPerformanceShaders.framework/Versions/A/Frameworks/MPSNDArray.framework/Versions/A/MPSNDArray
0x00007fff20bc6000 	/System/Library/PrivateFrameworks/MetalTools.framework/Versions/A/MetalTools
0x00007fff283e2000 	/System/Library/Frameworks/IOSurface.framework/Versions/A/IOSurface
0x00007fff290ee000 	/System/Library/PrivateFrameworks/AggregateDictionary.framework/Versions/A/AggregateDictionary
0x00007fff26556000 	/System/Library/PrivateFrameworks/CoreAnalytics.framework/Versions/A/CoreAnalytics
0x00007fff2a871000 	/System/Library/PrivateFrameworks/AppleSauce.framework/Versions/A/AppleSauce
0x00007fff283f4000 	/System/Library/PrivateFrameworks/IOAccelerator.framework/Versions/A/IOAccelerator
0x00007fff6bb4d000 	/System/Library/Frameworks/OpenGL.framework/Versions/A/Libraries/libCoreFSCache.dylib
0x00007fff290f0000 	/System/Library/PrivateFrameworks/AppleSystemInfo.framework/Versions/A/AppleSystemInfo
0x00007fff29a30000 	/System/Library/PrivateFrameworks/IOMobileFramebuffer.framework/Versions/A/IOMobileFramebuffer
0x00007fff21600000 	/System/Library/PrivateFrameworks/LanguageModeling.framework/Versions/A/LanguageModeling
0x00007fff29a1e000 	/System/Library/PrivateFrameworks/CoreEmoji.framework/Versions/A/CoreEmoji
0x00007fff2919b000 	/System/Library/PrivateFrameworks/LinguisticData.framework/Versions/A/LinguisticData
0x00007fff20ef8000 	/System/Library/PrivateFrameworks/Lexicon.framework/Versions/A/Lexicon
0x00007fff2a783000 	/usr/lib/libcmph.dylib
0x00007fff27249000 	/System/Library/Frameworks/OpenDirectory.framework/Versions/A/Frameworks/CFOpenDirectory.framework/Versions/A/CFOpenDirectory
0x00007fff27239000 	/System/Library/Frameworks/OpenDirectory.framework/Versions/A/OpenDirectory
0x00007fff2acf9000 	/System/Library/PrivateFrameworks/APFS.framework/Versions/A/APFS
0x00007fff29d44000 	/System/Library/Frameworks/SecurityFoundation.framework/Versions/A/SecurityFoundation
0x00007fff2ae03000 	/usr/lib/libutil.dylib
0x00007fff2729b000 	/usr/lib/libapp_launch_measurement.dylib
0x00007fff22bf6000 	/System/Library/PrivateFrameworks/CoreServicesStore.framework/Versions/A/CoreServicesStore
0x00007fff29dda000 	/System/Library/Frameworks/ServiceManagement.framework/Versions/A/ServiceManagement
0x00007fff2ae07000 	/usr/lib/libxslt.1.dylib
0x00007fff29dd0000 	/System/Library/PrivateFrameworks/BackgroundTaskManagement.framework/Versions/A/BackgroundTaskManagement
0x0000000105a6f000 	/Users/alex/Projects/rootid/rootswallet/venv/lib/python3.8/site-packages/_jpype.cpython-38-darwin.so
0x0000000105f02000 	/Users/alex/Projects/rootid/rootswallet/venv/lib/python3.8/site-packages/frozendict/_frozendict.cpython-38-darwin.so
0x0000000105f56000 	/Users/alex/Projects/rootid/rootswallet/venv/lib/python3.8/site-packages/lxml/etree.cpython-38-darwin.so
0x000000010649a000 	/Users/alex/Projects/rootid/rootswallet/venv/lib/python3.8/site-packages/lxml/_elementpath.cpython-38-darwin.so
0x000000010655a000 	/usr/local/Cellar/openjdk/15.0.2/libexec/openjdk.jdk/Contents/Home/lib/libjli.dylib
0x00007fff34fbf000 	/System/Library/Frameworks/Cocoa.framework/Versions/A/Cocoa
0x00007fff331c7000 	/System/Library/Frameworks/ApplicationServices.framework/Versions/A/ApplicationServices
0x00007fff22d3a000 	/System/Library/Frameworks/AppKit.framework/Versions/C/AppKit
0x00007fff25bfe000 	/System/Library/Frameworks/CoreData.framework/Versions/A/CoreData
0x00007fff23a86000 	/System/Library/PrivateFrameworks/UIFoundation.framework/Versions/A/UIFoundation
0x00007fff2fc81000 	/System/Library/PrivateFrameworks/RemoteViewServices.framework/Versions/A/RemoteViewServices
0x00007fff28a97000 	/System/Library/PrivateFrameworks/XCTTargetBootstrap.framework/Versions/A/XCTTargetBootstrap
0x00007fff2b77d000 	/usr/lib/libspindump.dylib
0x00007fff23cd5000 	/System/Library/Frameworks/UniformTypeIdentifiers.framework/Versions/A/UniformTypeIdentifiers
0x00007fff28a9b000 	/System/Library/PrivateFrameworks/CoreSVG.framework/Versions/A/CoreSVG
0x00007fff24d15000 	/System/Library/PrivateFrameworks/SkyLight.framework/Versions/A/SkyLight
0x00007fff2507b000 	/System/Library/Frameworks/CoreGraphics.framework/Versions/A/CoreGraphics
0x00007fff2b1bb000 	/System/Library/PrivateFrameworks/IconServices.framework/Versions/A/IconServices
0x00007fff28a83000 	/System/Library/PrivateFrameworks/DFRFoundation.framework/Versions/A/DFRFoundation
0x00007fff2ccc0000 	/System/Library/Frameworks/AudioToolbox.framework/Versions/A/AudioToolbox
0x00007fff2bf48000 	/System/Library/PrivateFrameworks/DataDetectorsCore.framework/Versions/A/DataDetectorsCore
0x00007fff28787000 	/System/Library/Frameworks/Carbon.framework/Versions/A/Frameworks/HIToolbox.framework/Versions/A/HIToolbox
0x00007fff26ce0000 	/System/Library/Frameworks/QuartzCore.framework/Versions/A/QuartzCore
0x00007fff2fcb9000 	/System/Library/Frameworks/Carbon.framework/Versions/A/Frameworks/SpeechRecognition.framework/Versions/A/SpeechRecognition
0x00007fff27000000 	/System/Library/PrivateFrameworks/CoreUI.framework/Versions/A/CoreUI
0x00007fff21c77000 	/System/Library/Frameworks/CoreAudio.framework/Versions/A/CoreAudio
0x00007fff2bb4b000 	/System/Library/PrivateFrameworks/MultitouchSupport.framework/Versions/A/MultitouchSupport
0x00007fff2bf3f000 	/System/Library/PrivateFrameworks/InternationalSupport.framework/Versions/A/InternationalSupport
0x00007fff2722d000 	/System/Library/PrivateFrameworks/PerformanceAnalysis.framework/Versions/A/PerformanceAnalysis
0x00007fff6bb59000 	/System/Library/Frameworks/OpenGL.framework/Versions/A/OpenGL
0x00007fff2bfc3000 	/System/Library/PrivateFrameworks/UserActivity.framework/Versions/A/UserActivity
0x00007fff25705000 	/System/Library/Frameworks/ColorSync.framework/Versions/A/ColorSync
0x00007fff28d02000 	/System/Library/Frameworks/CoreImage.framework/Versions/A/CoreImage
0x00007fff21a91000 	/System/Library/Frameworks/CoreText.framework/Versions/A/CoreText
0x00007fff28ac5000 	/System/Library/Frameworks/ImageIO.framework/Versions/A/ImageIO
0x00007fff2be71000 	/System/Library/PrivateFrameworks/TextureIO.framework/Versions/A/TextureIO
0x00007fff2aef9000 	/usr/lib/libate.dylib
0x00007fff2bdbb000 	/System/Library/Frameworks/ImageIO.framework/Versions/A/Resources/libRadiance.dylib
0x00007fff2bdc5000 	/System/Library/Frameworks/ImageIO.framework/Versions/A/Resources/libJPEG.dylib
0x00007fff2bd15000 	/System/Library/Frameworks/ImageIO.framework/Versions/A/Resources/libPng.dylib
0x00007fff2bd36000 	/System/Library/Frameworks/ImageIO.framework/Versions/A/Resources/libTIFF.dylib
0x00007fff2be1a000 	/System/Library/Frameworks/ImageIO.framework/Versions/A/Resources/libGIF.dylib
0x00007fff2ba67000 	/System/Library/Frameworks/ImageIO.framework/Versions/A/Resources/libJP2.dylib
0x00007fff2b182000 	/usr/lib/libexpat.1.dylib
0x00007fff2ba1d000 	/System/Library/PrivateFrameworks/AppleJPEG.framework/Versions/A/AppleJPEG
0x00007fff2862a000 	/System/Library/PrivateFrameworks/FontServices.framework/libFontParser.dylib
0x00007fff262fd000 	/System/Library/PrivateFrameworks/RunningBoardServices.framework/Versions/A/RunningBoardServices
0x00007fff2bb47000 	/System/Library/PrivateFrameworks/WatchdogClient.framework/Versions/A/WatchdogClient
0x00007fff216e9000 	/System/Library/Frameworks/CoreDisplay.framework/Versions/A/CoreDisplay
0x00007fff2853f000 	/System/Library/Frameworks/CoreMedia.framework/Versions/A/CoreMedia
0x00007fff273c9000 	/System/Library/Frameworks/CoreVideo.framework/Versions/A/CoreVideo
0x00007fff2bb82000 	/System/Library/Frameworks/VideoToolbox.framework/Versions/A/VideoToolbox
0x00007fff2627d000 	/System/Library/PrivateFrameworks/BaseBoard.framework/Versions/A/BaseBoard
0x00007fff2b2c7000 	/System/Library/PrivateFrameworks/PersistentConnection.framework/Versions/A/PersistentConnection
0x00007fff2601e000 	/System/Library/PrivateFrameworks/ProtocolBuffer.framework/Versions/A/ProtocolBuffer
0x00007fff26265000 	/System/Library/PrivateFrameworks/CommonUtilities.framework/Versions/A/CommonUtilities
0x00007fff2b9e0000 	/System/Library/PrivateFrameworks/Bom.framework/Versions/A/Bom
0x00007fff2bdb3000 	/System/Library/PrivateFrameworks/GPUWrangler.framework/Versions/A/GPUWrangler
0x00007fff2bd96000 	/System/Library/PrivateFrameworks/IOPresentment.framework/Versions/A/IOPresentment
0x00007fff2bdbf000 	/System/Library/PrivateFrameworks/DSExternalDisplay.framework/Versions/A/DSExternalDisplay
0x00007fff2be1f000 	/System/Library/PrivateFrameworks/CMCaptureCore.framework/Versions/A/CMCaptureCore
0x00007fff2b763000 	/System/Library/PrivateFrameworks/AppServerSupport.framework/Versions/A/AppServerSupport
0x00007fff2d7fa000 	/System/Library/PrivateFrameworks/perfdata.framework/Versions/A/perfdata
0x00007fff29d33000 	/System/Library/PrivateFrameworks/AssertionServices.framework/Versions/A/AssertionServices
0x00007fff21820000 	/System/Library/PrivateFrameworks/AudioToolboxCore.framework/Versions/A/AudioToolboxCore
0x00007fff28522000 	/System/Library/PrivateFrameworks/caulk.framework/Versions/A/caulk
0x00007fff3cca6000 	/System/Library/PrivateFrameworks/SystemPolicy.framework/Versions/A/SystemPolicy
0x00007fff2af91000 	/usr/lib/libIOReport.dylib
0x00007fff2d036000 	/usr/lib/libSMC.dylib
0x00007fff2bce1000 	/usr/lib/libAudioToolboxUtility.dylib
0x00007fff3d603000 	/usr/lib/libmis.dylib
0x00007fff6bba9000 	/System/Library/Frameworks/OpenGL.framework/Versions/A/Libraries/libGLU.dylib
0x00007fff6bb6c000 	/System/Library/Frameworks/OpenGL.framework/Versions/A/Libraries/libGFXShared.dylib
0x00007fff6bd7a000 	/System/Library/Frameworks/OpenGL.framework/Versions/A/Libraries/libGL.dylib
0x00007fff6bb75000 	/System/Library/Frameworks/OpenGL.framework/Versions/A/Libraries/libGLImage.dylib
0x00007fff6bb69000 	/System/Library/Frameworks/OpenGL.framework/Versions/A/Libraries/libCVMSPluginSupport.dylib
0x00007fff6bb54000 	/System/Library/Frameworks/OpenGL.framework/Versions/A/Libraries/libCoreVMClient.dylib
0x00007fff6d1c4000 	/System/Library/Frameworks/OpenCL.framework/Versions/A/OpenCL
0x00007fff2b2f0000 	/System/Library/PrivateFrameworks/GraphVisualizer.framework/Versions/A/GraphVisualizer
0x00007fff2b2ff000 	/System/Library/PrivateFrameworks/FaceCore.framework/Versions/A/FaceCore
0x00007fff2b71b000 	/System/Library/PrivateFrameworks/OTSVG.framework/Versions/A/OTSVG
0x00007fff26fbe000 	/System/Library/Frameworks/ApplicationServices.framework/Versions/A/Frameworks/ATS.framework/Versions/A/Resources/libFontRegistry.dylib
0x00007fff2b76a000 	/System/Library/PrivateFrameworks/FontServices.framework/libhvf.dylib
0x00007fff2b12e000 	/System/Library/PrivateFrameworks/AppleVA.framework/Versions/A/AppleVA
0x00007fff2ce7e000 	/System/Library/Frameworks/ApplicationServices.framework/Versions/A/Frameworks/ATS.framework/Versions/A/ATS
0x00007fff2d191000 	/System/Library/Frameworks/ApplicationServices.framework/Versions/A/Frameworks/ColorSyncLegacy.framework/Versions/A/ColorSyncLegacy
0x00007fff257fc000 	/System/Library/Frameworks/ApplicationServices.framework/Versions/A/Frameworks/HIServices.framework/Versions/A/HIServices
0x00007fff2d176000 	/System/Library/Frameworks/ApplicationServices.framework/Versions/A/Frameworks/LangAnalysis.framework/Versions/A/LangAnalysis
0x00007fff2be29000 	/System/Library/Frameworks/ApplicationServices.framework/Versions/A/Frameworks/PrintCore.framework/Versions/A/PrintCore
0x00007fff2d199000 	/System/Library/Frameworks/ApplicationServices.framework/Versions/A/Frameworks/QD.framework/Versions/A/QD
0x00007fff2ce6e000 	/System/Library/Frameworks/ApplicationServices.framework/Versions/A/Frameworks/SpeechSynthesis.framework/Versions/A/SpeechSynthesis
0x00007fff2bdea000 	/System/Library/Frameworks/ApplicationServices.framework/Versions/A/Frameworks/ATSUI.framework/Versions/A/ATSUI
0x00007fff2d116000 	/usr/lib/libcups.2.dylib
0x00007fff2d186000 	/System/Library/PrivateFrameworks/NetAuth.framework/Versions/A/NetAuth
0x00007fff2d815000 	/System/Library/Frameworks/Kerberos.framework/Versions/A/Kerberos
0x00007fff2d825000 	/System/Library/Frameworks/GSS.framework/Versions/A/GSS
0x00007fff2b780000 	/System/Library/PrivateFrameworks/Heimdal.framework/Versions/A/Heimdal
0x00007fff334dc000 	/System/Library/Frameworks/Kerberos.framework/Versions/A/Libraries/libHeimdalProxy.dylib
0x00007fff263ca000 	/System/Library/Frameworks/Network.framework/Versions/A/Network
0x00007fff2b19c000 	/usr/lib/libheimdal-asn1.dylib
0x00007fff2d876000 	/System/Library/PrivateFrameworks/CommonAuth.framework/Versions/A/CommonAuth
0x00007fff27417000 	/System/Library/PrivateFrameworks/login.framework/Versions/A/Frameworks/loginsupport.framework/Versions/A/loginsupport
0x00007fff2cdf5000 	/System/Library/PrivateFrameworks/AudioSession.framework/Versions/A/AudioSession
0x00007fff2ce5b000 	/usr/lib/libAudioStatistics.dylib
0x00007fff2b228000 	/System/Library/PrivateFrameworks/MediaExperience.framework/Versions/A/MediaExperience
0x00007fff2cc8e000 	/System/Library/PrivateFrameworks/AudioSession.framework/libSessionUtility.dylib
0x00007fff2d806000 	/usr/lib/libperfcheck.dylib
0x00007fff2d1a5000 	/System/Library/PrivateFrameworks/AudioResourceArbitration.framework/Versions/A/AudioResourceArbitration
0x00007fff2b1a6000 	/System/Library/PrivateFrameworks/IconFoundation.framework/Versions/A/IconFoundation
0x00007fff2fca9000 	/System/Library/PrivateFrameworks/SpeechRecognitionCore.framework/Versions/A/SpeechRecognitionCore
0x0000000106572000 	/usr/local/Cellar/openjdk/15.0.2/libexec/openjdk.jdk/Contents/Home/lib/server/libjvm.dylib
0x00000001075d2000 	/usr/local/Cellar/openjdk/15.0.2/libexec/openjdk.jdk/Contents/Home/lib/libjimage.dylib
0x000000010762c000 	/usr/local/Cellar/openjdk/15.0.2/libexec/openjdk.jdk/Contents/Home/lib/libjava.dylib
0x000000010b8d5000 	/usr/local/Cellar/openjdk/15.0.2/libexec/openjdk.jdk/Contents/Home/lib/libnio.dylib
0x000000010b8ed000 	/usr/local/Cellar/openjdk/15.0.2/libexec/openjdk.jdk/Contents/Home/lib/libnet.dylib
0x000000010b909000 	/usr/local/Cellar/openjdk/15.0.2/libexec/openjdk.jdk/Contents/Home/lib/libzip.dylib


VM Arguments:
java_command: <unknown>
java_class_path (initial): /Users/alex/Projects/rootid/didcomm-mediator/prism-cli-v1.4.1/lib/annotations-4.1.1.4.jar:/Users/alex/Projects/rootid/didcomm-mediator/prism-cli-v1.4.1/lib/checker-qual-3.5.0.jar:/Users/alex/Projects/rootid/didcomm-mediator/prism-cli-v1.4.1/lib/prism-common-jvm-v1.4.1.jar:/Users/alex/Projects/rootid/didcomm-mediator/prism-cli-v1.4.1/lib/grpc-protobuf-lite-1.36.0.jar:/Users/alex/Projects/rootid/didcomm-mediator/prism-cli-v1.4.1/lib/gson-2.8.6.jar:/Users/alex/Projects/rootid/didcomm-mediator/prism-cli-v1.4.1/lib/protobuf-java-3.11.0.jar:/Users/alex/Projects/rootid/didcomm-mediator/prism-cli-v1.4.1/lib/kotlin-stdlib-jdk7-1.6.10.jar:/Users/alex/Projects/rootid/didcomm-mediator/prism-cli-v1.4.1/lib/bcprov-jdk15on-1.68.jar:/Users/alex/Projects/rootid/didcomm-mediator/prism-cli-v1.4.1/lib/grpc-kotlin-stub-1.0.0.jar:/Users/alex/Projects/rootid/didcomm-mediator/prism-cli-v1.4.1/lib/slf4j-simple-1.7.32.jar:/Users/alex/Projects/rootid/didcomm-mediator/prism-cli-v1.4.1/lib/grpc-core-1.36.0.jar:/Users/alex/Projects/rootid/didcomm-mediator/prism-cli-v1.4.1/lib/slf4j-api-1.7.32.jar:/Users/alex/Projects/rootid/didcomm-mediator/prism-cli-v1.4.1/lib/animal-sniffer-annotations-1.19.jar:/Users/alex/Projects/rootid/didcomm-mediator/prism-cli-v1.4.1/lib/error_prone_annotations-2.4.0.jar:/Users/alex/Projects/rootid/didcomm-mediator/prism-cli-v1.4.1/lib/junit-4.12.jar:/Users/alex/Projects/rootid/didcomm-mediator/prism-cli-v1.4.1/lib/protobuf-javalite-3.12.0.jar:/Users/alex/Projects/rootid/didcomm-mediator/prism-cli-v1.4.1/lib/grpc-protobuf-1.29.0.jar:/Users/alex/Projects/rootid/didcomm-mediator/prism-cli-v1.4.1/lib/kotlinx-serialization-core-jvm-1.3.0.jar:/Users/alex/Projects/rootid/didcomm-mediator/prism-cli-v1.4.1/lib/ktor-io-jvm-1.6.5.jar:/Users/alex/Projects/rootid/didcomm-mediator/prism-cli-v1.4.1/lib/kotlin-stdlib-jdk8-1.6.10.jar:/Users/alex/Projects/rootid/didcomm-mediator/prism-cli-v1.4.1/lib/kotlin-stdlib-1.6.10.jar:/Users/alex/Projects/rootid/didcomm-
Launcher Type: generic

[Global flags]
     intx CICompilerCount                          = 4                                         {product} {ergonomic}
     uint ConcGCThreads                            = 2                                         {product} {ergonomic}
     uint G1ConcRefinementThreads                  = 8                                         {product} {ergonomic}
   size_t G1HeapRegionSize                         = 2097152                                   {product} {ergonomic}
    uintx GCDrainStackTargetSize                   = 64                                        {product} {ergonomic}
   size_t InitialHeapSize                          = 268435456                                 {product} {ergonomic}
   size_t MarkStackSize                            = 4194304                                   {product} {ergonomic}
   size_t MaxHeapSize                              = 4294967296                                {product} {ergonomic}
   size_t MaxNewSize                               = 2575302656                                {product} {ergonomic}
   size_t MinHeapDeltaBytes                        = 2097152                                   {product} {ergonomic}
   size_t MinHeapSize                              = 8388608                                   {product} {ergonomic}
    uintx NonNMethodCodeHeapSize                   = 5839372                                {pd product} {ergonomic}
    uintx NonProfiledCodeHeapSize                  = 122909434                              {pd product} {ergonomic}
    uintx ProfiledCodeHeapSize                     = 122909434                              {pd product} {ergonomic}
    uintx ReservedCodeCacheSize                    = 251658240                              {pd product} {ergonomic}
     bool SegmentedCodeCache                       = true                                      {product} {ergonomic}
   size_t SoftMaxHeapSize                          = 4294967296                             {manageable} {ergonomic}
     bool UseCompressedClassPointers               = true                                 {lp64_product} {ergonomic}
     bool UseCompressedOops                        = true                                 {lp64_product} {ergonomic}
     bool UseG1GC                                  = true                                      {product} {ergonomic}
     bool UseNUMA                                  = false                                     {product} {ergonomic}
     bool UseNUMAInterleaving                      = false                                     {product} {ergonomic}

Logging:
Log output configuration:
 #0: stdout all=warning uptime,level,tags
 #1: stderr all=off uptime,level,tags

Environment Variables:
JAVA_HOME=/usr/bin/java
PATH=/Users/alex/Projects/rootid/rootswallet/venv/bin:/usr/local/opt/python@3.8/bin:/Users/alex/y/google-cloud-sdk/bin:/Users/alex/anaconda3/bin:/usr/local/bin:/usr/local/opt/opencv3/bin:/usr/local/bin:/usr/bin:/bin:/usr/sbin:/sbin:/Users/alex/Library/Android/sdk/tools:/usr/local/mysql/bin:/Users/alex/flutter/bin:/Users/Alex/Library/Android/sdk/platform-tools
SHELL=/bin/bash
LANG=en_US.UTF-8

Signal Handlers:
SIGSEGV: [libjvm.dylib+0xa69a10], sa_mask[0]=11111111011111110111111111111111, sa_flags=SA_ONSTACK|SA_RESTART|SA_SIGINFO
SIGBUS: [libjvm.dylib+0xa69a10], sa_mask[0]=11111111011111110111111111111111, sa_flags=SA_RESTART|SA_SIGINFO
SIGFPE: [libjvm.dylib+0xa69a10], sa_mask[0]=11111111011111110111111111111111, sa_flags=SA_RESTART|SA_SIGINFO
SIGPIPE: [libjvm.dylib+0x82a6b0], sa_mask[0]=11111111011111110111111111111111, sa_flags=SA_RESTART|SA_SIGINFO
SIGXFSZ: [libjvm.dylib+0x82a6b0], sa_mask[0]=11111111011111110111111111111111, sa_flags=SA_RESTART|SA_SIGINFO
SIGILL: [libjvm.dylib+0xa69a10], sa_mask[0]=11111111011111110111111111111111, sa_flags=SA_RESTART|SA_SIGINFO
SIGUSR2: [libjvm.dylib+0x82b150], sa_mask[0]=00000000000000000000000000000000, sa_flags=SA_RESTART|SA_SIGINFO
SIGHUP: [libjvm.dylib+0x8298b0], sa_mask[0]=11111111011111110111111111111111, sa_flags=SA_RESTART|SA_SIGINFO
SIGINT: [libjvm.dylib+0x8298b0], sa_mask[0]=11111111011111110111111111111111, sa_flags=SA_RESTART|SA_SIGINFO
SIGTERM: [libjvm.dylib+0x8298b0], sa_mask[0]=11111111011111110111111111111111, sa_flags=SA_RESTART|SA_SIGINFO
SIGQUIT: [libjvm.dylib+0x8298b0], sa_mask[0]=11111111011111110111111111111111, sa_flags=SA_RESTART|SA_SIGINFO


---------------  S Y S T E M  ---------------

OS:uname: Darwin 20.6.0 Darwin Kernel Version 20.6.0: Mon Aug 30 06:12:21 PDT 2021; root:xnu-7195.141.6~3/RELEASE_X86_64 x86_64
OS uptime: 13 days 6:41 hours
rlimit (soft/hard): STACK 8192k/65532k , CORE 0k/infinity , NPROC 2784/2784 , NOFILE 10240/infinity , AS infinity/infinity , CPU infinity/infinity , DATA infinity/infinity , FSIZE infinity/infinity , MEMLOCK infinity/infinity , RSS infinity/infinity
load average: 3.16 2.83 2.91

CPU: total 8 (initial active 8) (4 cores per cpu, 2 threads per core) family 6 model 94 stepping 3 microcode 0xea, cmov, cx8, fxsr, mmx, sse, sse2, sse3, ssse3, sse4.1, sse4.2, popcnt, vzeroupper, avx, avx2, aes, clmul, erms, rtm, 3dnowpref, lzcnt, ht, tsc, tscinvbit, bmi1, bmi2, adx, fma, clflush, clflushopt

Memory: 4k page, physical 16777216k(687628k free), swap 9437184k(1059072k free)

vm_info: OpenJDK 64-Bit Server VM (15.0.2+7) for bsd-amd64 JRE (15.0.2+7), built on Mar  2 2021 04:52:02 by "brew" with clang Apple LLVM 12.0.0 (clang-1200.0.32.29)

END.
